#
# There is insufficient memory for the Java Runtime Environment to continue.
# Native memory allocation (mmap) failed to map 56623104 bytes for Failed to commit area from 0x000000008c600000 to 0x000000008fc00000 of length 56623104.
# Possible reasons:
#   The system is out of physical RAM or swap space
#   The process is running with CompressedOops enabled, and the Java Heap may be blocking the growth of the native heap
# Possible solutions:
#   Reduce memory load on the system
#   Increase physical memory or swap space
#   Check if swap backing store is full
#   Decrease Java heap size (-Xmx/-Xms)
#   Decrease number of Java threads
#   Decrease Java thread stack sizes (-Xss)
#   Set larger code cache with -XX:ReservedCodeCacheSize=
#   JVM is running with Unscaled Compressed Oops mode in which the Java heap is
#     placed in the first 4GB address space. The Java Heap base address is the
#     maximum limit for the native heap growth. Please use -XX:HeapBaseMinAddress
#     to set the Java Heap base and to place the Java Heap above 4GB virtual address.
# This output file may be truncated or incomplete.
#
#  Out of Memory Error (c:/BuildAgent/work/5ff2f6c26000d570/src/hotspot/os/windows/os_windows.cpp:3291), pid=1044, tid=144
#
# JRE version: OpenJDK Runtime Environment (11.0.5+10) (build 11.0.5+10-b520.38)
# Java VM: OpenJDK 64-Bit Server VM (11.0.5+10-b520.38, mixed mode, sharing, tiered, compressed oops, g1 gc, windows-amd64)
# No core dump will be written. Minidumps are not enabled by default on client versions of Windows
#

---------------  S U M M A R Y ------------

Command Line: -XX:TieredStopAtLevel=1 -Xverify:none -Dspring.output.ansi.enabled=always -Dcom.sun.management.jmxremote -Dspring.jmx.enabled=true -Dspring.liveBeansView.mbeanDomain -Dspring.application.admin.enabled=true -javaagent:C:\Program Files\JetBrains\IntelliJ IDEA 2019.3.3\lib\idea_rt.jar=61211:C:\Program Files\JetBrains\IntelliJ IDEA 2019.3.3\bin -Dfile.encoding=UTF-8 com.demosocket.shipyard.ShipyardApplication

Host: Intel(R) Core(TM) i5-8265U CPU @ 1.60GHz, 8 cores, 7G,  Windows 10 , 64 bit Build 18362 (10.0.18362.329)
Time: Sat Mar  7 21:19:17 2020 Aaea?onu (ceia) elapsed time: 6 seconds (0d 0h 0m 6s)

---------------  T H R E A D  ---------------

Current thread (0x0000026cf8cc1800):  VMThread "VM Thread" [stack: 0x0000009ba4300000,0x0000009ba4400000] [id=144]

Stack: [0x0000009ba4300000,0x0000009ba4400000]
[error occurred during error reporting (printing stack bounds), id 0xc0000005, EXCEPTION_ACCESS_VIOLATION (0xc0000005) at pc=0x0000026c80000dad]

Native frames: (J=compiled Java code, j=interpreted, Vv=VM code, C=native code)
V  [jvm.dll+0x5dcafa]
V  [jvm.dll+0x70e375]
V  [jvm.dll+0x70f898]
V  [jvm.dll+0x70fec5]
V  [jvm.dll+0x70fe7b]
V  [jvm.dll+0x5dc288]
V  [jvm.dll+0x5dc6e8]
C  [ntdll.dll+0xa121f]
C  [ntdll.dll+0x6a289]
C  [ntdll.dll+0x9fe8e]
C  0x0000026c80000dad

VM_Operation (0x0000009ba3dfca60): G1CollectForAllocation, mode: safepoint, requested by thread 0x0000026ced458800


---------------  P R O C E S S  ---------------

Threads class SMR info:
_java_thread_list=0x0000026cfad84f90, length=17, elements={
0x0000026ced458800, 0x0000026cf8cc8000, 0x0000026cf8cc9000, 0x0000026cf8ce5000,
0x0000026cf8ce6000, 0x0000026cf8ce7800, 0x0000026cf8cf2800, 0x0000026cf8ca8000,
0x0000026cf9a2b000, 0x0000026cf9a2d000, 0x0000026cf9cf7000, 0x0000026cfa1c9800,
0x0000026cfa226000, 0x0000026cfb2a2800, 0x0000026cfb0f5800, 0x0000026cfb0f6000,
0x0000026cfb0f7000
}

Java Threads: ( => current thread )
  0x0000026ced458800 JavaThread "main" [_thread_blocked, id=9936, stack(0x0000009ba3d00000,0x0000009ba3e00000)]
  0x0000026cf8cc8000 JavaThread "Reference Handler" daemon [_thread_blocked, id=10656, stack(0x0000009ba4400000,0x0000009ba4500000)]
  0x0000026cf8cc9000 JavaThread "Finalizer" daemon [_thread_blocked, id=3624, stack(0x0000009ba4500000,0x0000009ba4600000)]
  0x0000026cf8ce5000 JavaThread "Signal Dispatcher" daemon [_thread_blocked, id=7236, stack(0x0000009ba4600000,0x0000009ba4700000)]
  0x0000026cf8ce6000 JavaThread "Attach Listener" daemon [_thread_blocked, id=7960, stack(0x0000009ba4700000,0x0000009ba4800000)]
  0x0000026cf8ce7800 JavaThread "C1 CompilerThread0" daemon [_thread_blocked, id=4540, stack(0x0000009ba4800000,0x0000009ba4900000)]
  0x0000026cf8cf2800 JavaThread "Sweeper thread" daemon [_thread_blocked, id=5324, stack(0x0000009ba4900000,0x0000009ba4a00000)]
  0x0000026cf8ca8000 JavaThread "Common-Cleaner" daemon [_thread_blocked, id=10788, stack(0x0000009ba4a00000,0x0000009ba4b00000)]
  0x0000026cf9a2b000 JavaThread "Monitor Ctrl-Break" daemon [_thread_in_native, id=6456, stack(0x0000009ba4b00000,0x0000009ba4c00000)]
  0x0000026cf9a2d000 JavaThread "Service Thread" daemon [_thread_blocked, id=10620, stack(0x0000009ba4c00000,0x0000009ba4d00000)]
  0x0000026cf9cf7000 JavaThread "RMI TCP Accept-0" daemon [_thread_in_native, id=10400, stack(0x0000009ba4d00000,0x0000009ba4e00000)]
  0x0000026cfa1c9800 JavaThread "RMI TCP Connection(1)-192.168.100.3" daemon [_thread_in_native, id=3776, stack(0x0000009ba5200000,0x0000009ba5300000)]
  0x0000026cfa226000 JavaThread "RMI Scheduler(0)" daemon [_thread_blocked, id=4984, stack(0x0000009ba5300000,0x0000009ba5400000)]
  0x0000026cfb2a2800 JavaThread "Catalina-utility-1" [_thread_blocked, id=7624, stack(0x0000009ba5100000,0x0000009ba5200000)]
  0x0000026cfb0f5800 JavaThread "Catalina-utility-2" [_thread_blocked, id=2732, stack(0x0000009ba5600000,0x0000009ba5700000)]
  0x0000026cfb0f6000 JavaThread "container-0" [_thread_blocked, id=2228, stack(0x0000009ba5700000,0x0000009ba5800000)]
  0x0000026cfb0f7000 JavaThread "mysql-cj-abandoned-connection-cleanup" daemon [_thread_blocked, id=5352, stack(0x0000009ba5800000,0x0000009ba5900000)]

Other Threads:
=>0x0000026cf8cc1800 VMThread "VM Thread" [stack: 0x0000009ba4300000,0x0000009ba4400000] [id=144]
  0x0000026cf9ce7000 WatcherThread [stack: 0x0000009ba4e00000,0x0000009ba4f00000] [id=5780]
  0x0000026ced474000 GCTaskThread "GC Thread#0" [stack: 0x0000009ba3e00000,0x0000009ba3f00000] [id=8048]
  0x0000026cf9fcc000 GCTaskThread "GC Thread#1" [stack: 0x0000009ba4f00000,0x0000009ba5000000] [id=11724]
  0x0000026cf9dd0000 GCTaskThread "GC Thread#2" [stack: 0x0000009ba5000000,0x0000009ba5100000] [id=8928]
  0x0000026cfa91b000 GCTaskThread "GC Thread#3" [stack: 0x0000009ba5400000,0x0000009ba5500000] [id=3136]
  0x0000026cfb377800 GCTaskThread "GC Thread#4" [stack: 0x0000009ba5900000,0x0000009ba5a00000] [id=3048]
  0x0000026cfb118800 GCTaskThread "GC Thread#5" [stack: 0x0000009ba5a00000,0x0000009ba5b00000] [id=12132]
  0x0000026cfb119000 GCTaskThread "GC Thread#6" [stack: 0x0000009ba5b00000,0x0000009ba5c00000] [id=1144]
  0x0000026cfb011800 GCTaskThread "GC Thread#7" [stack: 0x0000009ba5c00000,0x0000009ba5d00000] [id=7872]
  0x0000026ced49f800 ConcurrentGCThread "G1 Main Marker" [stack: 0x0000009ba3f00000,0x0000009ba4000000] [id=10468]
  0x0000026ced4a0800 ConcurrentGCThread "G1 Conc#0" [stack: 0x0000009ba4000000,0x0000009ba4100000] [id=5180]
  0x0000026cfb68d800 ConcurrentGCThread "G1 Conc#1" [stack: 0x0000009ba5500000,0x0000009ba5600000] [id=10260]
  0x0000026cf8b55800 ConcurrentGCThread "G1 Refine#0" [stack: 0x0000009ba4100000,0x0000009ba4200000] [id=5972]
  0x0000026cf8b57800 ConcurrentGCThread "G1 Young RemSet Sampling" [stack: 0x0000009ba4200000,0x0000009ba4300000] [id=8960]

Threads with active compile tasks:

VM state:at safepoint (normal execution)

VM Mutex/Monitor currently owned by a thread:  ([mutex/lock_event])
[0x0000026ced4553a0] Threads_lock - owner thread: 0x0000026cf8cc1800
[0x0000026ced454b30] Heap_lock - owner thread: 0x0000026ced458800

Heap address: 0x0000000082e00000, size: 2002 MB, Compressed Oops mode: 32-bit
Narrow klass base: 0x0000000800000000, Narrow klass shift: 3
Compressed class space size: 1073741824 Address: 0x0000000840000000

Heap:
 garbage-first heap   total 210944K, used 32256K [0x0000000082e00000, 0x0000000100000000)
  region size 1024K, 12 young (12288K), 12 survivors (12288K)
 Metaspace       used 50053K, capacity 51558K, committed 51888K, reserved 1093632K
  class space    used 6957K, capacity 7555K, committed 7680K, reserved 1048576K
Heap Regions: E=young(eden), S=young(survivor), O=old, HS=humongous(starts), HC=humongous(continues), CS=collection set, F=free, A=archive, TAMS=top-at-mark-start (previous, next)
|   0|0x0000000082e00000, 0x0000000082f00000, 0x0000000082f00000|100%|HS|  |TAMS 0x0000000082f00000, 0x0000000082e00000| Complete 
|   1|0x0000000082f00000, 0x0000000083000000, 0x0000000083000000|100%| O|  |TAMS 0x0000000083000000, 0x0000000082f00000| Untracked 
|   2|0x0000000083000000, 0x0000000083100000, 0x0000000083100000|100%| O|  |TAMS 0x0000000083100000, 0x0000000083000000| Untracked 
|   3|0x0000000083100000, 0x0000000083200000, 0x0000000083200000|100%| O|  |TAMS 0x0000000083200000, 0x0000000083100000| Untracked 
|   4|0x0000000083200000, 0x0000000083300000, 0x0000000083300000|100%| O|  |TAMS 0x0000000083300000, 0x0000000083200000| Untracked 
|   5|0x0000000083300000, 0x0000000083400000, 0x0000000083400000|100%| O|  |TAMS 0x0000000083400000, 0x0000000083300000| Untracked 
|   6|0x0000000083400000, 0x0000000083500000, 0x0000000083500000|100%| O|  |TAMS 0x0000000083500000, 0x0000000083400000| Untracked 
|   7|0x0000000083500000, 0x0000000083600000, 0x0000000083600000|100%| O|  |TAMS 0x0000000083600000, 0x0000000083500000| Untracked 
|   8|0x0000000083600000, 0x0000000083700000, 0x0000000083700000|100%| O|  |TAMS 0x0000000083700000, 0x0000000083600000| Untracked 
|   9|0x0000000083700000, 0x0000000083800000, 0x0000000083800000|100%| O|  |TAMS 0x0000000083800000, 0x0000000083700000| Untracked 
|  10|0x0000000083800000, 0x0000000083900000, 0x0000000083900000|100%| O|  |TAMS 0x00000000838e0200, 0x0000000083800000| Untracked 
|  11|0x0000000083900000, 0x0000000083a00000, 0x0000000083a00000|100%| O|  |TAMS 0x0000000083900000, 0x0000000083900000| Untracked 
|  12|0x0000000083a00000, 0x0000000083b00000, 0x0000000083b00000|100%| O|  |TAMS 0x0000000083a00000, 0x0000000083a00000| Untracked 
|  13|0x0000000083b00000, 0x0000000083c00000, 0x0000000083c00000|100%| O|  |TAMS 0x0000000083b00000, 0x0000000083b00000| Untracked 
|  14|0x0000000083c00000, 0x0000000083d00000, 0x0000000083d00000|100%| O|  |TAMS 0x0000000083c00000, 0x0000000083c00000| Untracked 
|  15|0x0000000083d00000, 0x0000000083e00000, 0x0000000083e00000|100%| O|  |TAMS 0x0000000083d00000, 0x0000000083d00000| Untracked 
|  16|0x0000000083e00000, 0x0000000083f00000, 0x0000000083f00000|100%| O|  |TAMS 0x0000000083e00000, 0x0000000083e00000| Untracked 
|  17|0x0000000083f00000, 0x0000000084000000, 0x0000000084000000|100%| O|  |TAMS 0x0000000083f00000, 0x0000000083f00000| Untracked 
|  18|0x0000000084000000, 0x0000000084100000, 0x0000000084100000|100%| O|  |TAMS 0x0000000084000000, 0x0000000084000000| Untracked 
|  19|0x0000000084100000, 0x0000000084200000, 0x0000000084200000|100%| O|  |TAMS 0x0000000084100000, 0x0000000084100000| Untracked 
|  20|0x0000000084200000, 0x0000000084260200, 0x0000000084300000| 37%| O|  |TAMS 0x0000000084200000, 0x0000000084200000| Untracked 
|  21|0x0000000084300000, 0x0000000084300000, 0x0000000084400000|  0%| F|  |TAMS 0x0000000084300000, 0x0000000084300000| Untracked 
|  22|0x0000000084400000, 0x0000000084400000, 0x0000000084500000|  0%| F|  |TAMS 0x0000000084400000, 0x0000000084400000| Untracked 
|  23|0x0000000084500000, 0x0000000084500000, 0x0000000084600000|  0%| F|  |TAMS 0x0000000084500000, 0x0000000084500000| Untracked 
|  24|0x0000000084600000, 0x0000000084600000, 0x0000000084700000|  0%| F|  |TAMS 0x0000000084600000, 0x0000000084600000| Untracked 
|  25|0x0000000084700000, 0x0000000084700000, 0x0000000084800000|  0%| F|  |TAMS 0x0000000084700000, 0x0000000084700000| Untracked 
|  26|0x0000000084800000, 0x0000000084800000, 0x0000000084900000|  0%| F|  |TAMS 0x0000000084800000, 0x0000000084800000| Untracked 
|  27|0x0000000084900000, 0x0000000084900000, 0x0000000084a00000|  0%| F|  |TAMS 0x0000000084900000, 0x0000000084900000| Untracked 
|  28|0x0000000084a00000, 0x0000000084a00000, 0x0000000084b00000|  0%| F|  |TAMS 0x0000000084a00000, 0x0000000084a00000| Untracked 
|  29|0x0000000084b00000, 0x0000000084b00000, 0x0000000084c00000|  0%| F|  |TAMS 0x0000000084b00000, 0x0000000084b00000| Untracked 
|  30|0x0000000084c00000, 0x0000000084c00000, 0x0000000084d00000|  0%| F|  |TAMS 0x0000000084c00000, 0x0000000084c00000| Untracked 
|  31|0x0000000084d00000, 0x0000000084d00000, 0x0000000084e00000|  0%| F|  |TAMS 0x0000000084d00000, 0x0000000084d00000| Untracked 
|  32|0x0000000084e00000, 0x0000000084e00000, 0x0000000084f00000|  0%| F|  |TAMS 0x0000000084e00000, 0x0000000084e00000| Untracked 
|  33|0x0000000084f00000, 0x0000000084f00000, 0x0000000085000000|  0%| F|  |TAMS 0x0000000084f00000, 0x0000000084f00000| Untracked 
|  34|0x0000000085000000, 0x0000000085000000, 0x0000000085100000|  0%| F|  |TAMS 0x0000000085000000, 0x0000000085000000| Untracked 
|  35|0x0000000085100000, 0x0000000085100000, 0x0000000085200000|  0%| F|  |TAMS 0x0000000085100000, 0x0000000085100000| Untracked 
|  36|0x0000000085200000, 0x0000000085200000, 0x0000000085300000|  0%| F|  |TAMS 0x0000000085200000, 0x0000000085200000| Untracked 
|  37|0x0000000085300000, 0x0000000085300000, 0x0000000085400000|  0%| F|  |TAMS 0x0000000085300000, 0x0000000085300000| Untracked 
|  38|0x0000000085400000, 0x0000000085400000, 0x0000000085500000|  0%| F|  |TAMS 0x0000000085400000, 0x0000000085400000| Untracked 
|  39|0x0000000085500000, 0x0000000085500000, 0x0000000085600000|  0%| F|  |TAMS 0x0000000085500000, 0x0000000085500000| Untracked 
|  40|0x0000000085600000, 0x0000000085600000, 0x0000000085700000|  0%| F|  |TAMS 0x0000000085600000, 0x0000000085600000| Untracked 
|  41|0x0000000085700000, 0x0000000085700000, 0x0000000085800000|  0%| F|  |TAMS 0x0000000085700000, 0x0000000085700000| Untracked 
|  42|0x0000000085800000, 0x0000000085800000, 0x0000000085900000|  0%| F|  |TAMS 0x0000000085800000, 0x0000000085800000| Untracked 
|  43|0x0000000085900000, 0x0000000085900000, 0x0000000085a00000|  0%| F|  |TAMS 0x0000000085900000, 0x0000000085900000| Untracked 
|  44|0x0000000085a00000, 0x0000000085a00000, 0x0000000085b00000|  0%| F|  |TAMS 0x0000000085a00000, 0x0000000085a00000| Untracked 
|  45|0x0000000085b00000, 0x0000000085b00000, 0x0000000085c00000|  0%| F|  |TAMS 0x0000000085b00000, 0x0000000085b00000| Untracked 
|  46|0x0000000085c00000, 0x0000000085c00000, 0x0000000085d00000|  0%| F|  |TAMS 0x0000000085c00000, 0x0000000085c00000| Untracked 
|  47|0x0000000085d00000, 0x0000000085d00000, 0x0000000085e00000|  0%| F|  |TAMS 0x0000000085d00000, 0x0000000085d00000| Untracked 
|  48|0x0000000085e00000, 0x0000000085e00000, 0x0000000085f00000|  0%| F|  |TAMS 0x0000000085e00000, 0x0000000085e00000| Untracked 
|  49|0x0000000085f00000, 0x0000000085f20010, 0x0000000086000000| 12%| S|CS|TAMS 0x0000000085f00000, 0x0000000085f00000| Complete 
|  50|0x0000000086000000, 0x0000000086100000, 0x0000000086100000|100%| S|CS|TAMS 0x0000000086000000, 0x0000000086000000| Complete 
|  51|0x0000000086100000, 0x0000000086100000, 0x0000000086200000|  0%| F|  |TAMS 0x0000000086100000, 0x0000000086100000| Untracked 
|  52|0x0000000086200000, 0x0000000086300000, 0x0000000086300000|100%| S|CS|TAMS 0x0000000086200000, 0x0000000086200000| Complete 
|  53|0x0000000086300000, 0x0000000086400000, 0x0000000086400000|100%| S|CS|TAMS 0x0000000086300000, 0x0000000086300000| Complete 
|  54|0x0000000086400000, 0x0000000086500000, 0x0000000086500000|100%| S|CS|TAMS 0x0000000086400000, 0x0000000086400000| Complete 
|  55|0x0000000086500000, 0x0000000086600000, 0x0000000086600000|100%| S|CS|TAMS 0x0000000086500000, 0x0000000086500000| Complete 
|  56|0x0000000086600000, 0x0000000086700000, 0x0000000086700000|100%| S|CS|TAMS 0x0000000086600000, 0x0000000086600000| Complete 
|  57|0x0000000086700000, 0x0000000086700000, 0x0000000086800000|  0%| F|  |TAMS 0x0000000086700000, 0x0000000086700000| Untracked 
|  58|0x0000000086800000, 0x0000000086800000, 0x0000000086900000|  0%| F|  |TAMS 0x0000000086800000, 0x0000000086800000| Untracked 
|  59|0x0000000086900000, 0x0000000086900000, 0x0000000086a00000|  0%| F|  |TAMS 0x0000000086900000, 0x0000000086900000| Untracked 
|  60|0x0000000086a00000, 0x0000000086a00000, 0x0000000086b00000|  0%| F|  |TAMS 0x0000000086a00000, 0x0000000086a00000| Untracked 
|  61|0x0000000086b00000, 0x0000000086b00000, 0x0000000086c00000|  0%| F|  |TAMS 0x0000000086b00000, 0x0000000086b00000| Untracked 
|  62|0x0000000086c00000, 0x0000000086c00000, 0x0000000086d00000|  0%| F|  |TAMS 0x0000000086c00000, 0x0000000086c00000| Untracked 
|  63|0x0000000086d00000, 0x0000000086d00000, 0x0000000086e00000|  0%| F|  |TAMS 0x0000000086d00000, 0x0000000086d00000| Untracked 
|  64|0x0000000086e00000, 0x0000000086e00000, 0x0000000086f00000|  0%| F|  |TAMS 0x0000000086e00000, 0x0000000086e00000| Untracked 
|  65|0x0000000086f00000, 0x0000000086f00000, 0x0000000087000000|  0%| F|  |TAMS 0x0000000086f00000, 0x0000000086f00000| Untracked 
|  66|0x0000000087000000, 0x0000000087100000, 0x0000000087100000|100%| S|CS|TAMS 0x0000000087000000, 0x0000000087000000| Complete 
|  67|0x0000000087100000, 0x0000000087200000, 0x0000000087200000|100%| S|CS|TAMS 0x0000000087100000, 0x0000000087100000| Complete 
|  68|0x0000000087200000, 0x0000000087300000, 0x0000000087300000|100%| S|CS|TAMS 0x0000000087200000, 0x0000000087200000| Complete 
|  69|0x0000000087300000, 0x0000000087400000, 0x0000000087400000|100%| S|CS|TAMS 0x0000000087300000, 0x0000000087300000| Complete 
|  70|0x0000000087400000, 0x0000000087500000, 0x0000000087500000|100%| S|CS|TAMS 0x0000000087400000, 0x0000000087400000| Complete 
|  71|0x0000000087500000, 0x0000000087500000, 0x0000000087600000|  0%| F|  |TAMS 0x0000000087500000, 0x0000000087500000| Untracked 
|  72|0x0000000087600000, 0x0000000087600000, 0x0000000087700000|  0%| F|  |TAMS 0x0000000087600000, 0x0000000087600000| Untracked 
|  73|0x0000000087700000, 0x0000000087700000, 0x0000000087800000|  0%| F|  |TAMS 0x0000000087700000, 0x0000000087700000| Untracked 
|  74|0x0000000087800000, 0x0000000087800000, 0x0000000087900000|  0%| F|  |TAMS 0x0000000087800000, 0x0000000087800000| Untracked 
|  75|0x0000000087900000, 0x0000000087900000, 0x0000000087a00000|  0%| F|  |TAMS 0x0000000087900000, 0x0000000087900000| Untracked 
|  76|0x0000000087a00000, 0x0000000087a00000, 0x0000000087b00000|  0%| F|  |TAMS 0x0000000087a00000, 0x0000000087a00000| Untracked 
|  77|0x0000000087b00000, 0x0000000087b00000, 0x0000000087c00000|  0%| F|  |TAMS 0x0000000087b00000, 0x0000000087b00000| Untracked 
|  78|0x0000000087c00000, 0x0000000087c00000, 0x0000000087d00000|  0%| F|  |TAMS 0x0000000087c00000, 0x0000000087c00000| Untracked 
|  79|0x0000000087d00000, 0x0000000087d00000, 0x0000000087e00000|  0%| F|  |TAMS 0x0000000087d00000, 0x0000000087d00000| Untracked 
|  80|0x0000000087e00000, 0x0000000087e00000, 0x0000000087f00000|  0%| F|  |TAMS 0x0000000087e00000, 0x0000000087e00000| Untracked 
|  81|0x0000000087f00000, 0x0000000087f00000, 0x0000000088000000|  0%| F|  |TAMS 0x0000000087f00000, 0x0000000087f00000| Untracked 
|  82|0x0000000088000000, 0x0000000088000000, 0x0000000088100000|  0%| F|  |TAMS 0x0000000088000000, 0x0000000088000000| Untracked 
|  83|0x0000000088100000, 0x0000000088100000, 0x0000000088200000|  0%| F|  |TAMS 0x0000000088100000, 0x0000000088100000| Untracked 
|  84|0x0000000088200000, 0x0000000088200000, 0x0000000088300000|  0%| F|  |TAMS 0x0000000088200000, 0x0000000088200000| Untracked 
|  85|0x0000000088300000, 0x0000000088300000, 0x0000000088400000|  0%| F|  |TAMS 0x0000000088300000, 0x0000000088300000| Untracked 
|  86|0x0000000088400000, 0x0000000088400000, 0x0000000088500000|  0%| F|  |TAMS 0x0000000088400000, 0x0000000088400000| Untracked 
|  87|0x0000000088500000, 0x0000000088500000, 0x0000000088600000|  0%| F|  |TAMS 0x0000000088500000, 0x0000000088500000| Untracked 
|  88|0x0000000088600000, 0x0000000088600000, 0x0000000088700000|  0%| F|  |TAMS 0x0000000088600000, 0x0000000088600000| Untracked 
|  89|0x0000000088700000, 0x0000000088700000, 0x0000000088800000|  0%| F|  |TAMS 0x0000000088700000, 0x0000000088700000| Untracked 
|  90|0x0000000088800000, 0x0000000088800000, 0x0000000088900000|  0%| F|  |TAMS 0x0000000088800000, 0x0000000088800000| Untracked 
|  91|0x0000000088900000, 0x0000000088900000, 0x0000000088a00000|  0%| F|  |TAMS 0x0000000088900000, 0x0000000088900000| Untracked 
|  92|0x0000000088a00000, 0x0000000088a00000, 0x0000000088b00000|  0%| F|  |TAMS 0x0000000088a00000, 0x0000000088a00000| Untracked 
|  93|0x0000000088b00000, 0x0000000088b00000, 0x0000000088c00000|  0%| F|  |TAMS 0x0000000088b00000, 0x0000000088b00000| Untracked 
|  94|0x0000000088c00000, 0x0000000088c00000, 0x0000000088d00000|  0%| F|  |TAMS 0x0000000088c00000, 0x0000000088c00000| Untracked 
|  95|0x0000000088d00000, 0x0000000088d00000, 0x0000000088e00000|  0%| F|  |TAMS 0x0000000088d00000, 0x0000000088d00000| Untracked 
|  96|0x0000000088e00000, 0x0000000088e00000, 0x0000000088f00000|  0%| F|  |TAMS 0x0000000088e00000, 0x0000000088e00000| Untracked 
|  97|0x0000000088f00000, 0x0000000088f00000, 0x0000000089000000|  0%| F|  |TAMS 0x0000000088f00000, 0x0000000088f00000| Untracked 
|  98|0x0000000089000000, 0x0000000089000000, 0x0000000089100000|  0%| F|  |TAMS 0x0000000089000000, 0x0000000089000000| Untracked 
|  99|0x0000000089100000, 0x0000000089100000, 0x0000000089200000|  0%| F|  |TAMS 0x0000000089100000, 0x0000000089100000| Untracked 
| 100|0x0000000089200000, 0x0000000089200000, 0x0000000089300000|  0%| F|  |TAMS 0x0000000089200000, 0x0000000089200000| Untracked 
| 101|0x0000000089300000, 0x0000000089300000, 0x0000000089400000|  0%| F|  |TAMS 0x0000000089300000, 0x0000000089300000| Untracked 
| 102|0x0000000089400000, 0x0000000089400000, 0x0000000089500000|  0%| F|  |TAMS 0x0000000089400000, 0x0000000089400000| Untracked 
| 103|0x0000000089500000, 0x0000000089500000, 0x0000000089600000|  0%| F|  |TAMS 0x0000000089500000, 0x0000000089500000| Untracked 
| 104|0x0000000089600000, 0x0000000089600000, 0x0000000089700000|  0%| F|  |TAMS 0x0000000089600000, 0x0000000089600000| Untracked 
| 105|0x0000000089700000, 0x0000000089700000, 0x0000000089800000|  0%| F|  |TAMS 0x0000000089700000, 0x0000000089700000| Untracked 
| 106|0x0000000089800000, 0x0000000089800000, 0x0000000089900000|  0%| F|  |TAMS 0x0000000089800000, 0x0000000089800000| Untracked 
| 107|0x0000000089900000, 0x0000000089900000, 0x0000000089a00000|  0%| F|  |TAMS 0x0000000089900000, 0x0000000089900000| Untracked 
| 108|0x0000000089a00000, 0x0000000089a00000, 0x0000000089b00000|  0%| F|  |TAMS 0x0000000089a00000, 0x0000000089a00000| Untracked 
| 109|0x0000000089b00000, 0x0000000089b00000, 0x0000000089c00000|  0%| F|  |TAMS 0x0000000089b00000, 0x0000000089b00000| Untracked 
| 110|0x0000000089c00000, 0x0000000089c00000, 0x0000000089d00000|  0%| F|  |TAMS 0x0000000089c00000, 0x0000000089c00000| Untracked 
| 111|0x0000000089d00000, 0x0000000089d00000, 0x0000000089e00000|  0%| F|  |TAMS 0x0000000089d00000, 0x0000000089d00000| Untracked 
| 112|0x0000000089e00000, 0x0000000089e00000, 0x0000000089f00000|  0%| F|  |TAMS 0x0000000089e00000, 0x0000000089e00000| Untracked 
| 113|0x0000000089f00000, 0x0000000089f00000, 0x000000008a000000|  0%| F|  |TAMS 0x0000000089f00000, 0x0000000089f00000| Untracked 
| 114|0x000000008a000000, 0x000000008a000000, 0x000000008a100000|  0%| F|  |TAMS 0x000000008a000000, 0x000000008a000000| Untracked 
| 115|0x000000008a100000, 0x000000008a100000, 0x000000008a200000|  0%| F|  |TAMS 0x000000008a100000, 0x000000008a100000| Untracked 
| 116|0x000000008a200000, 0x000000008a200000, 0x000000008a300000|  0%| F|  |TAMS 0x000000008a200000, 0x000000008a200000| Untracked 
| 117|0x000000008a300000, 0x000000008a300000, 0x000000008a400000|  0%| F|  |TAMS 0x000000008a300000, 0x000000008a300000| Untracked 
| 118|0x000000008a400000, 0x000000008a400000, 0x000000008a500000|  0%| F|  |TAMS 0x000000008a400000, 0x000000008a400000| Untracked 
| 119|0x000000008a500000, 0x000000008a500000, 0x000000008a600000|  0%| F|  |TAMS 0x000000008a500000, 0x000000008a500000| Untracked 
| 120|0x000000008a600000, 0x000000008a600000, 0x000000008a700000|  0%| F|  |TAMS 0x000000008a600000, 0x000000008a600000| Untracked 
| 121|0x000000008a700000, 0x000000008a700000, 0x000000008a800000|  0%| F|  |TAMS 0x000000008a700000, 0x000000008a700000| Untracked 
| 122|0x000000008a800000, 0x000000008a800000, 0x000000008a900000|  0%| F|  |TAMS 0x000000008a800000, 0x000000008a800000| Untracked 
| 123|0x000000008a900000, 0x000000008a900000, 0x000000008aa00000|  0%| F|  |TAMS 0x000000008a900000, 0x000000008a900000| Untracked 
| 124|0x000000008aa00000, 0x000000008aa00000, 0x000000008ab00000|  0%| F|  |TAMS 0x000000008aa00000, 0x000000008aa00000| Untracked 
| 125|0x000000008ab00000, 0x000000008ab00000, 0x000000008ac00000|  0%| F|  |TAMS 0x000000008ab00000, 0x000000008ab00000| Untracked 
| 126|0x000000008ac00000, 0x000000008ac00000, 0x000000008ad00000|  0%| F|  |TAMS 0x000000008ac00000, 0x000000008ac00000| Untracked 
| 127|0x000000008ad00000, 0x000000008ad00000, 0x000000008ae00000|  0%| F|  |TAMS 0x000000008ad00000, 0x000000008ad00000| Untracked 
| 128|0x000000008ae00000, 0x000000008ae00000, 0x000000008af00000|  0%| F|  |TAMS 0x000000008ae00000, 0x000000008ae00000| Untracked 
| 129|0x000000008af00000, 0x000000008af00000, 0x000000008b000000|  0%| F|  |TAMS 0x000000008af00000, 0x000000008af00000| Untracked 
| 130|0x000000008b000000, 0x000000008b000000, 0x000000008b100000|  0%| F|  |TAMS 0x000000008b000000, 0x000000008b000000| Untracked 
| 131|0x000000008b100000, 0x000000008b100000, 0x000000008b200000|  0%| F|  |TAMS 0x000000008b100000, 0x000000008b100000| Untracked 
| 132|0x000000008b200000, 0x000000008b200000, 0x000000008b300000|  0%| F|  |TAMS 0x000000008b200000, 0x000000008b200000| Untracked 
| 133|0x000000008b300000, 0x000000008b300000, 0x000000008b400000|  0%| F|  |TAMS 0x000000008b300000, 0x000000008b300000| Untracked 
| 134|0x000000008b400000, 0x000000008b400000, 0x000000008b500000|  0%| F|  |TAMS 0x000000008b400000, 0x000000008b400000| Untracked 
| 135|0x000000008b500000, 0x000000008b500000, 0x000000008b600000|  0%| F|  |TAMS 0x000000008b500000, 0x000000008b500000| Untracked 
| 136|0x000000008b600000, 0x000000008b600000, 0x000000008b700000|  0%| F|  |TAMS 0x000000008b600000, 0x000000008b600000| Untracked 
| 137|0x000000008b700000, 0x000000008b700000, 0x000000008b800000|  0%| F|  |TAMS 0x000000008b700000, 0x000000008b700000| Untracked 
| 138|0x000000008b800000, 0x000000008b800000, 0x000000008b900000|  0%| F|  |TAMS 0x000000008b800000, 0x000000008b800000| Untracked 
| 139|0x000000008b900000, 0x000000008b900000, 0x000000008ba00000|  0%| F|  |TAMS 0x000000008b900000, 0x000000008b900000| Untracked 
| 140|0x000000008ba00000, 0x000000008ba00000, 0x000000008bb00000|  0%| F|  |TAMS 0x000000008ba00000, 0x000000008ba00000| Untracked 
| 141|0x000000008bb00000, 0x000000008bb00000, 0x000000008bc00000|  0%| F|  |TAMS 0x000000008bb00000, 0x000000008bb00000| Untracked 
| 142|0x000000008bc00000, 0x000000008bc00000, 0x000000008bd00000|  0%| F|  |TAMS 0x000000008bc00000, 0x000000008bc00000| Untracked 
| 143|0x000000008bd00000, 0x000000008bd00000, 0x000000008be00000|  0%| F|  |TAMS 0x000000008bd00000, 0x000000008bd00000| Untracked 
| 144|0x000000008be00000, 0x000000008be00000, 0x000000008bf00000|  0%| F|  |TAMS 0x000000008be00000, 0x000000008be00000| Untracked 
| 145|0x000000008bf00000, 0x000000008bf00000, 0x000000008c000000|  0%| F|  |TAMS 0x000000008bf00000, 0x000000008bf00000| Untracked 
| 146|0x000000008c000000, 0x000000008c000000, 0x000000008c100000|  0%| F|  |TAMS 0x000000008c000000, 0x000000008c000000| Untracked 
| 147|0x000000008c100000, 0x000000008c100000, 0x000000008c200000|  0%| F|  |TAMS 0x000000008c100000, 0x000000008c100000| Untracked 
| 148|0x000000008c200000, 0x000000008c200000, 0x000000008c300000|  0%| F|  |TAMS 0x000000008c200000, 0x000000008c200000| Untracked 
| 149|0x000000008c300000, 0x000000008c300000, 0x000000008c400000|  0%| F|  |TAMS 0x000000008c300000, 0x000000008c300000| Untracked 
| 150|0x000000008c400000, 0x000000008c400000, 0x000000008c500000|  0%| F|  |TAMS 0x000000008c400000, 0x000000008c400000| Untracked 
| 151|0x000000008c500000, 0x000000008c500000, 0x000000008c600000|  0%| F|  |TAMS 0x000000008c500000, 0x000000008c500000| Untracked 

Card table byte_map: [0x0000026cf1c20000,0x0000026cf2010000] _byte_map_base: 0x0000026cf1809000

Marking Bits (Prev, Next): (CMBitMap*) 0x0000026ced496bc8, (CMBitMap*) 0x0000026ced496c00
 Prev Bits: [0x0000026cf2400000, 0x0000026cf4348000)
 Next Bits: [0x0000026cf4350000, 0x0000026cf6298000)

Polling page: 0x0000026ceb3a0000

Metaspace:

Usage:
  Non-class:     42.97 MB capacity,    42.09 MB ( 98%) used,   735.18 KB (  2%) free+waste,   171.31 KB ( <1%) overhead. 
      Class:      7.38 MB capacity,     6.79 MB ( 92%) used,   512.73 KB (  7%) free+waste,    85.13 KB (  1%) overhead. 
       Both:     50.35 MB capacity,    48.88 MB ( 97%) used,     1.22 MB (  2%) free+waste,   256.44 KB ( <1%) overhead. 

Virtual space:
  Non-class space:       44.00 MB reserved,      43.17 MB ( 98%) committed 
      Class space:        1.00 GB reserved,       7.50 MB ( <1%) committed 
             Both:        1.04 GB reserved,      50.67 MB (  5%) committed 

Chunk freelists:
   Non-Class:  13.00 KB
       Class:  0 bytes
        Both:  13.00 KB

MaxMetaspaceSize: 17179869184.00 GB
CompressedClassSpaceSize: 1.00 GB

CodeHeap 'non-profiled nmethods': size=238336Kb used=8873Kb max_used=8873Kb free=229463Kb
 bounds [0x0000026c80740000, 0x0000026c80ff0000, 0x0000026c8f000000]
CodeHeap 'non-nmethods': size=7424Kb used=1260Kb max_used=1260Kb free=6163Kb
 bounds [0x0000026c80000000, 0x0000026c80270000, 0x0000026c80740000]
 total_blobs=5999 nmethods=5086 adapters=549
 compilation: enabled
              stopped_count=0, restarted_count=0
 full_count=0

Compilation events (20 events):
Event: 6.394 Thread 0x0000026cf8ce7800 5094       1       java.security.PermissionCollection::<init> (5 bytes)
Event: 6.394 Thread 0x0000026cf8ce7800 nmethod 5094 0x0000026c80fe6190 code [0x0000026c80fe6340, 0x0000026c80fe6478]
Event: 6.395 Thread 0x0000026cf8ce7800 5095       1       java.io.Bits::putLong (86 bytes)
Event: 6.395 Thread 0x0000026cf8ce7800 nmethod 5095 0x0000026c80fe6510 code [0x0000026c80fe66c0, 0x0000026c80fe6938]
Event: 6.397 Thread 0x0000026cf8ce7800 5096       1       java.io.ObjectInputStream::readLong (8 bytes)
Event: 6.397 Thread 0x0000026cf8ce7800 nmethod 5096 0x0000026c80fe6a90 code [0x0000026c80fe6c40, 0x0000026c80fe6db0]
Event: 6.397 Thread 0x0000026cf8ce7800 5097       1       java.io.ObjectInputStream$BlockDataInputStream::readLong (76 bytes)
Event: 6.398 Thread 0x0000026cf8ce7800 nmethod 5097 0x0000026c80fe6e90 code [0x0000026c80fe7060, 0x0000026c80fe7270]
Event: 6.401 Thread 0x0000026cf8ce7800 5098       1       java.util.concurrent.ConcurrentHashMap::<init> (5 bytes)
Event: 6.402 Thread 0x0000026cf8ce7800 nmethod 5098 0x0000026c80fe7390 code [0x0000026c80fe7540, 0x0000026c80fe7678]
Event: 6.421 Thread 0x0000026cf8ce7800 5099       1       org.springframework.core.convert.support.GenericConversionService::addConverter (100 bytes)
Event: 6.422 Thread 0x0000026cf8ce7800 nmethod 5099 0x0000026c80fe7710 code [0x0000026c80fe79a0, 0x0000026c80fe8180]
Event: 6.432 Thread 0x0000026cf8ce7800 5100       1       org.springframework.beans.factory.InjectionPoint::getAnnotations (39 bytes)
Event: 6.433 Thread 0x0000026cf8ce7800 nmethod 5100 0x0000026c80fe8590 code [0x0000026c80fe87a0, 0x0000026c80fe8b70]
Event: 6.433 Thread 0x0000026cf8ce7800 5101       1       org.springframework.core.MethodParameter::<init> (30 bytes)
Event: 6.433 Thread 0x0000026cf8ce7800 nmethod 5101 0x0000026c80fe8d10 code [0x0000026c80fe8f00, 0x0000026c80fe9330]
Event: 6.433 Thread 0x0000026cf8ce7800 5102       1       org.springframework.core.MethodParameter::getParameterAnnotations (97 bytes)
Event: 6.434 Thread 0x0000026cf8ce7800 nmethod 5102 0x0000026c80fe9590 code [0x0000026c80fe97a0, 0x0000026c80fe9c00]
Event: 6.439 Thread 0x0000026cf8ce7800 5103       1       sun.reflect.generics.reflectiveObjects.TypeVariableImpl::getBounds (34 bytes)
Event: 6.440 Thread 0x0000026cf8ce7800 nmethod 5103 0x0000026c80fe9e10 code [0x0000026c80fe9fe0, 0x0000026c80fea300]

GC Heap History (17 events):
Event: 0.954 GC heap before
{Heap before GC invocations=0 (full 0):
 garbage-first heap   total 129024K, used 24576K [0x0000000082e00000, 0x0000000100000000)
  region size 1024K, 24 young (24576K), 0 survivors (0K)
 Metaspace       used 6263K, capacity 6595K, committed 6912K, reserved 1056768K
  class space    used 780K, capacity 912K, committed 1024K, reserved 1048576K
}
Event: 0.962 GC heap after
{Heap after GC invocations=1 (full 0):
 garbage-first heap   total 129024K, used 7515K [0x0000000082e00000, 0x0000000100000000)
  region size 1024K, 3 young (3072K), 3 survivors (3072K)
 Metaspace       used 6263K, capacity 6595K, committed 6912K, reserved 1056768K
  class space    used 780K, capacity 912K, committed 1024K, reserved 1048576K
}
Event: 1.258 GC heap before
{Heap before GC invocations=1 (full 0):
 garbage-first heap   total 129024K, used 37211K [0x0000000082e00000, 0x0000000100000000)
  region size 1024K, 33 young (33792K), 3 survivors (3072K)
 Metaspace       used 10905K, capacity 11532K, committed 11776K, reserved 1058816K
  class space    used 1480K, capacity 1712K, committed 1792K, reserved 1048576K
}
Event: 1.264 GC heap after
{Heap after GC invocations=2 (full 0):
 garbage-first heap   total 129024K, used 9270K [0x0000000082e00000, 0x0000000100000000)
  region size 1024K, 2 young (2048K), 2 survivors (2048K)
 Metaspace       used 10905K, capacity 11532K, committed 11776K, reserved 1058816K
  class space    used 1480K, capacity 1712K, committed 1792K, reserved 1048576K
}
Event: 1.530 GC heap before
{Heap before GC invocations=2 (full 0):
 garbage-first heap   total 129024K, used 52278K [0x0000000082e00000, 0x0000000100000000)
  region size 1024K, 45 young (46080K), 2 survivors (2048K)
 Metaspace       used 17070K, capacity 17813K, committed 18048K, reserved 1064960K
  class space    used 2350K, capacity 2653K, committed 2688K, reserved 1048576K
}
Event: 1.537 GC heap after
{Heap after GC invocations=3 (full 0):
 garbage-first heap   total 129024K, used 10774K [0x0000000082e00000, 0x0000000100000000)
  region size 1024K, 4 young (4096K), 4 survivors (4096K)
 Metaspace       used 17070K, capacity 17813K, committed 18048K, reserved 1064960K
  class space    used 2350K, capacity 2653K, committed 2688K, reserved 1048576K
}
Event: 1.822 GC heap before
{Heap before GC invocations=3 (full 0):
 garbage-first heap   total 129024K, used 66070K [0x0000000082e00000, 0x0000000100000000)
  region size 1024K, 59 young (60416K), 4 survivors (4096K)
 Metaspace       used 18736K, capacity 19511K, committed 19584K, reserved 1067008K
  class space    used 2567K, capacity 2899K, committed 2944K, reserved 1048576K
}
Event: 1.831 GC heap after
{Heap after GC invocations=4 (full 0):
 garbage-first heap   total 129024K, used 11654K [0x0000000082e00000, 0x0000000100000000)
  region size 1024K, 4 young (4096K), 4 survivors (4096K)
 Metaspace       used 18736K, capacity 19511K, committed 19584K, reserved 1067008K
  class space    used 2567K, capacity 2899K, committed 2944K, reserved 1048576K
}
Event: 2.308 GC heap before
{Heap before GC invocations=4 (full 0):
 garbage-first heap   total 129024K, used 56710K [0x0000000082e00000, 0x0000000100000000)
  region size 1024K, 49 young (50176K), 4 survivors (4096K)
 Metaspace       used 20240K, capacity 21115K, committed 21296K, reserved 1067008K
  class space    used 2776K, capacity 3130K, committed 3200K, reserved 1048576K
}
Event: 2.324 GC heap after
{Heap after GC invocations=5 (full 0):
 garbage-first heap   total 155648K, used 13385K [0x0000000082e00000, 0x0000000100000000)
  region size 1024K, 6 young (6144K), 6 survivors (6144K)
 Metaspace       used 20240K, capacity 21115K, committed 21296K, reserved 1067008K
  class space    used 2776K, capacity 3130K, committed 3200K, reserved 1048576K
}
Event: 3.384 GC heap before
{Heap before GC invocations=6 (full 0):
 garbage-first heap   total 155648K, used 93257K [0x0000000082e00000, 0x0000000100000000)
  region size 1024K, 85 young (87040K), 6 survivors (6144K)
 Metaspace       used 26640K, capacity 27741K, committed 27824K, reserved 1073152K
  class space    used 3621K, capacity 4072K, committed 4096K, reserved 1048576K
}
Event: 3.408 GC heap after
{Heap after GC invocations=7 (full 0):
 garbage-first heap   total 155648K, used 17106K [0x0000000082e00000, 0x0000000100000000)
  region size 1024K, 10 young (10240K), 10 survivors (10240K)
 Metaspace       used 26640K, capacity 27741K, committed 27824K, reserved 1073152K
  class space    used 3621K, capacity 4072K, committed 4096K, reserved 1048576K
}
Event: 4.206 GC heap before
{Heap before GC invocations=7 (full 0):
 garbage-first heap   total 155648K, used 96978K [0x0000000082e00000, 0x0000000100000000)
  region size 1024K, 90 young (92160K), 10 survivors (10240K)
 Metaspace       used 34494K, capacity 35666K, committed 35888K, reserved 1079296K
  class space    used 4762K, capacity 5237K, committed 5248K, reserved 1048576K
}
Event: 4.228 GC heap after
{Heap after GC invocations=8 (full 0):
 garbage-first heap   total 155648K, used 21376K [0x0000000082e00000, 0x0000000100000000)
  region size 1024K, 10 young (10240K), 10 survivors (10240K)
 Metaspace       used 34494K, capacity 35666K, committed 35888K, reserved 1079296K
  class space    used 4762K, capacity 5237K, committed 5248K, reserved 1048576K
}
Event: 5.471 GC heap before
{Heap before GC invocations=9 (full 0):
 garbage-first heap   total 155648K, used 104320K [0x0000000082e00000, 0x0000000100000000)
  region size 1024K, 91 young (93184K), 10 survivors (10240K)
 Metaspace       used 47007K, capacity 48457K, committed 48816K, reserved 1091584K
  class space    used 6511K, capacity 7060K, committed 7168K, reserved 1048576K
}
Event: 5.486 GC heap after
{Heap after GC invocations=10 (full 0):
 garbage-first heap   total 155648K, used 26214K [0x0000000082e00000, 0x0000000100000000)
  region size 1024K, 10 young (10240K), 10 survivors (10240K)
 Metaspace       used 47007K, capacity 48457K, committed 48816K, reserved 1091584K
  class space    used 6511K, capacity 7060K, committed 7168K, reserved 1048576K
}
Event: 6.458 GC heap before
{Heap before GC invocations=10 (full 0):
 garbage-first heap   total 155648K, used 109158K [0x0000000082e00000, 0x0000000100000000)
  region size 1024K, 91 young (93184K), 10 survivors (10240K)
 Metaspace       used 50053K, capacity 51558K, committed 51888K, reserved 1093632K
  class space    used 6957K, capacity 7555K, committed 7680K, reserved 1048576K
}

Deoptimization events (4 events):
Event: 5.274 Thread 0x0000026ced458800 DEOPT PACKING pc=0x0000026c80a3777f sp=0x0000009ba3dfa500
Event: 5.274 Thread 0x0000026ced458800 DEOPT UNPACKING pc=0x0000026c8002904e sp=0x0000009ba3df9a08 mode 3
Event: 5.500 Thread 0x0000026ced458800 DEOPT PACKING pc=0x0000026c80a30f34 sp=0x0000009ba3dfbb80
Event: 5.500 Thread 0x0000026ced458800 DEOPT UNPACKING pc=0x0000026c8002904e sp=0x0000009ba3dfb0e8 mode 0

Classes redefined (0 events):
No events

Internal exceptions (20 events):
Event: 6.430 Thread 0x0000026ced458800 Exception <a 'java/lang/ClassNotFoundException'{0x000000008773bb70}: org/springframework/data/jdbc/core/convert/JdbcConverterCustomizer> (0x000000008773bb70) thrown at [c:/BuildAgent/work/5ff2f6c26000d570/src/hotspot/share/classfile/systemDictionary.cpp, 
Event: 6.430 Thread 0x0000026ced458800 Exception <a 'java/lang/ClassNotFoundException'{0x00000000877524c8}: org/springframework/data/relational/core/conversion/RelationalConverterCustomizer> (0x00000000877524c8) thrown at [c:/BuildAgent/work/5ff2f6c26000d570/src/hotspot/share/classfile/systemD
Event: 6.431 Thread 0x0000026ced458800 Exception <a 'java/lang/ClassNotFoundException'{0x00000000877700f0}: org/springframework/data/relational/core/conversion/RelationalConverterCustomizer> (0x00000000877700f0) thrown at [c:/BuildAgent/work/5ff2f6c26000d570/src/hotspot/share/classfile/systemD
Event: 6.438 Thread 0x0000026ced458800 Exception <a 'java/lang/ClassNotFoundException'{0x00000000877e4fb0}: java/lang/ObjectCustomizer> (0x00000000877e4fb0) thrown at [c:/BuildAgent/work/5ff2f6c26000d570/src/hotspot/share/classfile/systemDictionary.cpp, line 231]
Event: 6.438 Thread 0x0000026ced458800 Exception <a 'java/lang/ClassNotFoundException'{0x00000000877f9aa8}: org/springframework/data/jdbc/core/convert/DefaultDataAccessStrategyCustomizer> (0x00000000877f9aa8) thrown at [c:/BuildAgent/work/5ff2f6c26000d570/src/hotspot/share/classfile/systemDict
Event: 6.439 Thread 0x0000026ced458800 Exception <a 'java/lang/ClassNotFoundException'{0x000000008761e2b0}: org/springframework/data/jdbc/core/convert/DataAccessStrategyCustomizer> (0x000000008761e2b0) thrown at [c:/BuildAgent/work/5ff2f6c26000d570/src/hotspot/share/classfile/systemDictionary.
Event: 6.440 Thread 0x0000026ced458800 Exception <a 'java/lang/ClassNotFoundException'{0x0000000087640b00}: org/springframework/data/jdbc/core/convert/RelationResolverCustomizer> (0x0000000087640b00) thrown at [c:/BuildAgent/work/5ff2f6c26000d570/src/hotspot/share/classfile/systemDictionary.cp
Event: 6.449 Thread 0x0000026ced458800 Exception <a 'java/lang/ClassNotFoundException'{0x00000000876fa9b8}: java/lang/ObjectCustomizer> (0x00000000876fa9b8) thrown at [c:/BuildAgent/work/5ff2f6c26000d570/src/hotspot/share/classfile/systemDictionary.cpp, line 231]
Event: 6.449 Thread 0x0000026ced458800 Exception <a 'java/lang/ClassNotFoundException'{0x000000008750e188}: org/springframework/data/jdbc/core/JdbcAggregateTemplateCustomizer> (0x000000008750e188) thrown at [c:/BuildAgent/work/5ff2f6c26000d570/src/hotspot/share/classfile/systemDictionary.cpp, 
Event: 6.450 Thread 0x0000026ced458800 Exception <a 'java/lang/ClassNotFoundException'{0x000000008752c870}: org/springframework/data/jdbc/core/JdbcAggregateOperationsCustomizer> (0x000000008752c870) thrown at [c:/BuildAgent/work/5ff2f6c26000d570/src/hotspot/share/classfile/systemDictionary.cpp
Event: 6.451 Thread 0x0000026ced458800 Exception <a 'java/lang/ClassNotFoundException'{0x0000000087543648}: java/lang/ObjectCustomizer> (0x0000000087543648) thrown at [c:/BuildAgent/work/5ff2f6c26000d570/src/hotspot/share/classfile/systemDictionary.cpp, line 231]
Event: 6.451 Thread 0x0000026ced458800 Exception <a 'java/lang/ClassNotFoundException'{0x000000008755d5a0}: org/springframework/boot/autoconfigure/data/jdbc/JdbcRepositoriesAutoConfiguration$JdbcRepositoriesConfigurationCustomizer> (0x000000008755d5a0) thrown at [c:/BuildAgent/work/5ff2f6c2600
Event: 6.452 Thread 0x0000026ced458800 Exception <a 'java/lang/ClassNotFoundException'{0x00000000875633d0}: java/lang/ObjectCustomizer> (0x00000000875633d0) thrown at [c:/BuildAgent/work/5ff2f6c26000d570/src/hotspot/share/classfile/systemDictionary.cpp, line 231]
Event: 6.452 Thread 0x0000026ced458800 Exception <a 'java/lang/ClassNotFoundException'{0x0000000087579b68}: org/springframework/boot/autoconfigure/data/jdbc/JdbcRepositoriesAutoConfigurationCustomizer> (0x0000000087579b68) thrown at [c:/BuildAgent/work/5ff2f6c26000d570/src/hotspot/share/classf
Event: 6.453 Thread 0x0000026ced458800 Exception <a 'java/lang/ClassNotFoundException'{0x0000000087584078}: java/lang/ObjectCustomizer> (0x0000000087584078) thrown at [c:/BuildAgent/work/5ff2f6c26000d570/src/hotspot/share/classfile/systemDictionary.cpp, line 231]
Event: 6.453 Thread 0x0000026ced458800 Exception <a 'java/lang/ClassNotFoundException'{0x000000008759a210}: org/springframework/boot/autoconfigure/data/jpa/JpaRepositoriesAutoConfigurationCustomizer> (0x000000008759a210) thrown at [c:/BuildAgent/work/5ff2f6c26000d570/src/hotspot/share/classfil
Event: 6.454 Thread 0x0000026ced458800 Exception <a 'java/lang/ClassNotFoundException'{0x00000000875a1ca0}: java/lang/ObjectCustomizer> (0x00000000875a1ca0) thrown at [c:/BuildAgent/work/5ff2f6c26000d570/src/hotspot/share/classfile/systemDictionary.cpp, line 231]
Event: 6.454 Thread 0x0000026ced458800 Exception <a 'java/lang/ClassNotFoundException'{0x00000000875b55a8}: org/springframework/data/jpa/util/JpaMetamodelCacheCleanupCustomizer> (0x00000000875b55a8) thrown at [c:/BuildAgent/work/5ff2f6c26000d570/src/hotspot/share/classfile/systemDictionary.cpp
Event: 6.455 Thread 0x0000026ced458800 Exception <a 'java/lang/ClassNotFoundException'{0x00000000875c6af8}: org/springframework/beans/factory/DisposableBeanCustomizer> (0x00000000875c6af8) thrown at [c:/BuildAgent/work/5ff2f6c26000d570/src/hotspot/share/classfile/systemDictionary.cpp, line 231
Event: 6.457 Thread 0x0000026ced458800 Exception <a 'java/lang/ClassNotFoundException'{0x00000000875ef268}: java/lang/ObjectCustomizer> (0x00000000875ef268) thrown at [c:/BuildAgent/work/5ff2f6c26000d570/src/hotspot/share/classfile/systemDictionary.cpp, line 231]

Events (20 events):
Event: 6.454 loading class org/springframework/data/jpa/util/JpaMetamodelCacheCleanupCustomizer done
Event: 6.455 loading class org/springframework/beans/factory/DisposableBeanCustomizer
Event: 6.455 loading class org/springframework/beans/factory/DisposableBeanCustomizer done
Event: 6.455 loading class org/springframework/beans/factory/DisposableBeanCustomizer
Event: 6.455 loading class org/springframework/beans/factory/DisposableBeanCustomizer done
Event: 6.455 loading class org/springframework/beans/factory/DisposableBeanCustomizer
Event: 6.455 loading class org/springframework/beans/factory/DisposableBeanCustomizer done
Event: 6.456 loading class org/springframework/data/jpa/repository/query/EscapeCharacter
Event: 6.456 loading class org/springframework/data/jpa/repository/query/EscapeCharacter done
Event: 6.457 loading class org/springframework/data/jpa/repository/support/JpaEvaluationContextExtension$JpaRootObject
Event: 6.457 loading class org/springframework/data/jpa/repository/support/JpaEvaluationContextExtension$JpaRootObject done
Event: 6.457 loading class java/lang/ObjectCustomizer
Event: 6.457 loading class java/lang/ObjectCustomizer done
Event: 6.457 loading class java/lang/ObjectCustomizer
Event: 6.457 loading class java/lang/ObjectCustomizer done
Event: 6.457 loading class org/springframework/data/jpa/repository/support/JpaEvaluationContextExtensionCustomizer
Event: 6.457 loading class org/springframework/data/jpa/repository/support/JpaEvaluationContextExtensionCustomizer done
Event: 6.457 loading class org/springframework/data/jpa/repository/support/JpaEvaluationContextExtensionCustomizer
Event: 6.457 loading class org/springframework/data/jpa/repository/support/JpaEvaluationContextExtensionCustomizer done
Event: 6.457 Executing VM operation: G1CollectForAllocation


Dynamic libraries:
0x00007ff775300000 - 0x00007ff77530a000 	C:\Program Files\JetBrains\IntelliJ IDEA 2019.3.3\jbr\bin\java.exe
0x00007ffa92d00000 - 0x00007ffa92ef0000 	C:\Windows\SYSTEM32\ntdll.dll
0x00007ffa90ea0000 - 0x00007ffa90f52000 	C:\Windows\System32\KERNEL32.DLL
0x00007ffa8fe30000 - 0x00007ffa900d3000 	C:\Windows\System32\KERNELBASE.dll
0x00007ffa8fc90000 - 0x00007ffa8fd8a000 	C:\Windows\System32\ucrtbase.dll
0x00007ffa70da0000 - 0x00007ffa70db7000 	C:\Program Files\JetBrains\IntelliJ IDEA 2019.3.3\jbr\bin\VCRUNTIME140.dll
0x00007ffa70dc0000 - 0x00007ffa70dd9000 	C:\Program Files\JetBrains\IntelliJ IDEA 2019.3.3\jbr\bin\jli.dll
0x00007ffa91010000 - 0x00007ffa911a4000 	C:\Windows\System32\USER32.dll
0x00007ffa793a0000 - 0x00007ffa79625000 	C:\Windows\WinSxS\amd64_microsoft.windows.common-controls_6595b64144ccf1df_6.0.18362.657_none_e6c5b579130e3898\COMCTL32.dll
0x00007ffa90ce0000 - 0x00007ffa90d01000 	C:\Windows\System32\win32u.dll
0x00007ffa90f60000 - 0x00007ffa90ffe000 	C:\Windows\System32\msvcrt.dll
0x00007ffa91360000 - 0x00007ffa91386000 	C:\Windows\System32\GDI32.dll
0x00007ffa92710000 - 0x00007ffa92a46000 	C:\Windows\System32\combase.dll
0x00007ffa900e0000 - 0x00007ffa90274000 	C:\Windows\System32\gdi32full.dll
0x00007ffa914f0000 - 0x00007ffa91610000 	C:\Windows\System32\RPCRT4.dll
0x00007ffa90d10000 - 0x00007ffa90dae000 	C:\Windows\System32\msvcp_win.dll
0x00007ffa90c60000 - 0x00007ffa90ce0000 	C:\Windows\System32\bcryptPrimitives.dll
0x00007ffa91490000 - 0x00007ffa914be000 	C:\Windows\System32\IMM32.DLL
0x00007ffa6b3d0000 - 0x00007ffa6b46d000 	C:\Program Files\JetBrains\IntelliJ IDEA 2019.3.3\jbr\bin\msvcp140.dll
0x00007ffa53700000 - 0x00007ffa541bb000 	C:\Program Files\JetBrains\IntelliJ IDEA 2019.3.3\jbr\bin\server\jvm.dll
0x00007ffa91840000 - 0x00007ffa918e3000 	C:\Windows\System32\ADVAPI32.dll
0x00007ffa913f0000 - 0x00007ffa91487000 	C:\Windows\System32\sechost.dll
0x00007ffa914c0000 - 0x00007ffa914c8000 	C:\Windows\System32\PSAPI.DLL
0x00007ffa8c760000 - 0x00007ffa8c769000 	C:\Windows\SYSTEM32\WSOCK32.dll
0x00007ffa92090000 - 0x00007ffa920ff000 	C:\Windows\System32\WS2_32.dll
0x00007ffa8ce20000 - 0x00007ffa8ce44000 	C:\Windows\SYSTEM32\WINMM.dll
0x00007ffa86a40000 - 0x00007ffa86a4a000 	C:\Windows\SYSTEM32\VERSION.dll
0x00007ffa8c830000 - 0x00007ffa8c85d000 	C:\Windows\SYSTEM32\WINMMBASE.dll
0x00007ffa8fdb0000 - 0x00007ffa8fdfa000 	C:\Windows\System32\cfgmgr32.dll
0x00007ffa8fbe0000 - 0x00007ffa8fbf1000 	C:\Windows\System32\kernel.appcore.dll
0x00007ffa86b40000 - 0x00007ffa86b51000 	C:\Program Files\JetBrains\IntelliJ IDEA 2019.3.3\jbr\bin\verify.dll
0x00007ffa85200000 - 0x00007ffa853f4000 	C:\Windows\SYSTEM32\DBGHELP.DLL
0x00007ffa80980000 - 0x00007ffa809aa000 	C:\Windows\SYSTEM32\dbgcore.DLL
0x00007ffa7fae0000 - 0x00007ffa7fb09000 	C:\Program Files\JetBrains\IntelliJ IDEA 2019.3.3\jbr\bin\java.dll
0x00007ffa8b340000 - 0x00007ffa8b34f000 	C:\Program Files\JetBrains\IntelliJ IDEA 2019.3.3\jbr\bin\instrument.dll
0x00007ffa86b20000 - 0x00007ffa86b37000 	C:\Program Files\JetBrains\IntelliJ IDEA 2019.3.3\jbr\bin\zip.dll
0x00007ffa8b010000 - 0x00007ffa8b01b000 	C:\Program Files\JetBrains\IntelliJ IDEA 2019.3.3\jbr\bin\jimage.dll
0x00007ffa918f0000 - 0x00007ffa91fd5000 	C:\Windows\System32\SHELL32.dll
0x00007ffa91fe0000 - 0x00007ffa92089000 	C:\Windows\System32\shcore.dll
0x00007ffa903d0000 - 0x00007ffa90b4f000 	C:\Windows\System32\windows.storage.dll
0x00007ffa8fc70000 - 0x00007ffa8fc8f000 	C:\Windows\System32\profapi.dll
0x00007ffa8fc00000 - 0x00007ffa8fc4a000 	C:\Windows\System32\powrprof.dll
0x00007ffa8fbd0000 - 0x00007ffa8fbe0000 	C:\Windows\System32\UMPDC.dll
0x00007ffa917d0000 - 0x00007ffa91822000 	C:\Windows\System32\shlwapi.dll
0x00007ffa8fd90000 - 0x00007ffa8fda7000 	C:\Windows\System32\cryptsp.dll
0x00007ffa86a90000 - 0x00007ffa86aaa000 	C:\Program Files\JetBrains\IntelliJ IDEA 2019.3.3\jbr\bin\net.dll
0x00007ffa8c0f0000 - 0x00007ffa8c1e0000 	C:\Windows\SYSTEM32\WINHTTP.dll
0x00007ffa8f440000 - 0x00007ffa8f4a7000 	C:\Windows\system32\mswsock.dll
0x00007ffa85cd0000 - 0x00007ffa85ce4000 	C:\Program Files\JetBrains\IntelliJ IDEA 2019.3.3\jbr\bin\nio.dll
0x00007ffa8b320000 - 0x00007ffa8b33a000 	C:\Program Files\JetBrains\IntelliJ IDEA 2019.3.3\bin\breakgen64.dll
0x00007ffa8f190000 - 0x00007ffa8f25a000 	C:\Windows\SYSTEM32\DNSAPI.dll
0x00007ffa91000000 - 0x00007ffa91008000 	C:\Windows\System32\NSI.dll
0x00007ffa8f150000 - 0x00007ffa8f18a000 	C:\Windows\SYSTEM32\IPHLPAPI.DLL
0x00007ffa85cf0000 - 0x00007ffa85cfa000 	C:\Windows\System32\rasadhlp.dll
0x00007ffa85050000 - 0x00007ffa850c7000 	C:\Windows\System32\fwpuclnt.dll
0x00007ffa8fe00000 - 0x00007ffa8fe26000 	C:\Windows\System32\bcrypt.dll
0x00007ffa86b80000 - 0x00007ffa86b8a000 	C:\Program Files\JetBrains\IntelliJ IDEA 2019.3.3\jbr\bin\management.dll
0x00007ffa86a50000 - 0x00007ffa86a5c000 	C:\Program Files\JetBrains\IntelliJ IDEA 2019.3.3\jbr\bin\management_ext.dll
0x00007ffa8efb0000 - 0x00007ffa8efe3000 	C:\Windows\system32\rsaenh.dll
0x00007ffa8fac0000 - 0x00007ffa8fae5000 	C:\Windows\SYSTEM32\USERENV.dll
0x00007ffa8f610000 - 0x00007ffa8f61c000 	C:\Windows\SYSTEM32\CRYPTBASE.dll
0x00007ffa85d40000 - 0x00007ffa85d56000 	C:\Windows\SYSTEM32\dhcpcsvc6.DLL
0x00007ffa85d20000 - 0x00007ffa85d3c000 	C:\Windows\SYSTEM32\dhcpcsvc.DLL
0x00007ffa6d2e0000 - 0x00007ffa6d2f6000 	C:\Windows\system32\napinsp.dll
0x00007ffa6d1e0000 - 0x00007ffa6d1fa000 	C:\Windows\system32\pnrpnsp.dll
0x00007ffa740c0000 - 0x00007ffa740ce000 	C:\Windows\System32\winrnr.dll
0x00007ffa8c6c0000 - 0x00007ffa8c6dc000 	C:\Windows\system32\NLAapi.dll
0x00007ffa6bbc0000 - 0x00007ffa6bbd5000 	C:\Windows\system32\wshbth.dll
0x00007ffa7e740000 - 0x00007ffa7e768000 	C:\Program Files\JetBrains\IntelliJ IDEA 2019.3.3\jbr\bin\sunec.dll

dbghelp: loaded successfully - version: 4.0.5 - missing functions: none
symbol engine: initialized successfully - sym options: 0x614 - pdb path: .;C:\Program Files\JetBrains\IntelliJ IDEA 2019.3.3\jbr\bin;C:\Windows\SYSTEM32;C:\Windows\WinSxS\amd64_microsoft.windows.common-controls_6595b64144ccf1df_6.0.18362.657_none_e6c5b579130e3898;C:\Program Files\JetBrains\IntelliJ IDEA 2019.3.3\jbr\bin\server;C:\Program Files\JetBrains\IntelliJ IDEA 2019.3.3\bin

VM Arguments:
jvm_args: -XX:TieredStopAtLevel=1 -Xverify:none -Dspring.output.ansi.enabled=always -Dcom.sun.management.jmxremote -Dspring.jmx.enabled=true -Dspring.liveBeansView.mbeanDomain -Dspring.application.admin.enabled=true -javaagent:C:\Program Files\JetBrains\IntelliJ IDEA 2019.3.3\lib\idea_rt.jar=61211:C:\Program Files\JetBrains\IntelliJ IDEA 2019.3.3\bin -Dfile.encoding=UTF-8 
java_command: com.demosocket.shipyard.ShipyardApplication
java_class_path (initial): C:\Users\olexe\IdeaProjects\EliteDangerousShipyard\build\classes\java\main;C:\Users\olexe\IdeaProjects\EliteDangerousShipyard\build\resources\main;C:\Users\olexe\.gradle\caches\modules-2\files-2.1\org.springframework.boot\spring-boot-starter-thymeleaf\2.2.5.RELEASE\4022d870c07c0963e9f5542d01ec2aebaace7634\spring-boot-starter-thymeleaf-2.2.5.RELEASE.jar;C:\Users\olexe\.gradle\caches\modules-2\files-2.1\org.springframework.boot\spring-boot-starter-data-jpa\2.2.5.RELEASE\fee4ad485421916aa5529c209f882fd180a1cf93\spring-boot-starter-data-jpa-2.2.5.RELEASE.jar;C:\Users\olexe\.gradle\caches\modules-2\files-2.1\org.hibernate\hibernate-core\5.4.12.Final\7813daed21576920450443097d69823245d112d2\hibernate-core-5.4.12.Final.jar;C:\Users\olexe\.gradle\caches\modules-2\files-2.1\org.springframework.boot\spring-boot-starter-data-jdbc\2.2.5.RELEASE\15dd290a2d119f15928a9b4d16ca95f010766b56\spring-boot-starter-data-jdbc-2.2.5.RELEASE.jar;C:\Users\olexe\.gradle\caches\modules-2\files-2.1\org.springframework.boot\spring-boot-starter-data-rest\2.2.5.RELEASE\ba6c977a1e28e049b36a7decf9959eb86fd1df9c\spring-boot-starter-data-rest-2.2.5.RELEASE.jar;C:\Users\olexe\.gradle\caches\modules-2\files-2.1\org.springframework.boot\spring-boot-starter-jdbc\2.2.5.RELEASE\5bc988a151e1e4e35acb8765d261374ebe1b13a7\spring-boot-starter-jdbc-2.2.5.RELEASE.jar;C:\Users\olexe\.gradle\caches\modules-2\files-2.1\org.springframework.boot\spring-boot-starter-web\2.2.5.RELEASE\c84df617eb302ea502af8b37406df13f1fe6669b\spring-boot-starter-web-2.2.5.RELEASE.jar;C:\Users\olexe\.gradle\caches\modules-2\files-2.1\org.springframework.boot\spring-boot-starter-aop\2.2.5.RELEASE\782df61baf2c3d3094f683c02f9a3056974d69b7\spring-boot-starter-aop-2.2.5.RELEASE.jar;C:\Users\olexe\.gradle\caches\modules-2\files-2.1\mysql\mysql-connector-java\8.0.19\9af69ef0f68eae737351ff55c0ba6e23a06826a5\mysql-connector-java-8.0.19.jar;C:\Users\olexe\.gradle\caches\modules-2\files-2.1\org.springframework.boot\spring-
Launcher Type: SUN_STANDARD

[Global flags]
     bool BytecodeVerificationLocal                = false                                     {product} {command line}
     bool BytecodeVerificationRemote               = false                                     {product} {command line}
     intx CICompilerCount                          = 4                                         {product} {ergonomic}
     uint ConcGCThreads                            = 2                                         {product} {ergonomic}
     uint G1ConcRefinementThreads                  = 8                                         {product} {ergonomic}
   size_t G1HeapRegionSize                         = 1048576                                   {product} {ergonomic}
    uintx GCDrainStackTargetSize                   = 64                                        {product} {ergonomic}
   size_t InitialHeapSize                          = 132120576                                 {product} {ergonomic}
     bool ManagementServer                         = true                                      {product} {command line}
   size_t MarkStackSize                            = 4194304                                   {product} {ergonomic}
   size_t MaxHeapSize                              = 2099249152                                {product} {ergonomic}
   size_t MaxNewSize                               = 1259339776                                {product} {ergonomic}
   size_t MinHeapDeltaBytes                        = 1048576                                   {product} {ergonomic}
    uintx NonNMethodCodeHeapSize                   = 7549744                                {pd product} {ergonomic}
    uintx NonProfiledCodeHeapSize                  = 244108496                              {pd product} {ergonomic}
    uintx ProfiledCodeHeapSize                     = 0                                      {pd product} {ergonomic}
    uintx ReservedCodeCacheSize                    = 251658240                              {pd product} {ergonomic}
     bool SegmentedCodeCache                       = true                                      {product} {ergonomic}
     intx TieredStopAtLevel                        = 1                                         {product} {command line}
     bool UseCompressedClassPointers               = true                                 {lp64_product} {ergonomic}
     bool UseCompressedOops                        = true                                 {lp64_product} {ergonomic}
     bool UseG1GC                                  = true                                      {product} {ergonomic}
     bool UseLargePagesIndividualAllocation        = false                                  {pd product} {ergonomic}

Logging:
Log output configuration:
 #0: stdout all=warning uptime,level,tags
 #1: stderr all=off uptime,level,tags

Environment Variables:
JAVA_HOME=C:\Program Files\Java\jdk-13
CLASSPATH=C:\mysql-connector-java-5.1.48;C:\My doc
PATH=C:\Windows\system32;C:\Windows;C:\Windows\System32\Wbem;C:\Windows\System32\WindowsPowerShell\v1.0\;C:\Windows\System32\OpenSSH\;C:\Program Files\Intel\WiFi\bin\;C:\Program Files\Common Files\Intel\WirelessCommon\;C:\Program Files (x86)\NVIDIA Corporation\PhysX\Common;C:\Program Files\Java\jdk-13\bin;C:\Program Files\Git\cmd;C:\Program Files\MySQL\MySQL Server 8.0\bin;C:\Program Files (x86)\Java\jdk-13\bin;C:\Program Files\MySQL\MySQL Shell 8.0\bin\;C:\Users\olexe\AppData\Local\Microsoft\WindowsApps;C:\Program Files\JetBrains\IntelliJ IDEA 2019.3.3\bin;;C:\My doc;
USERNAME=olexe
OS=Windows_NT
PROCESSOR_IDENTIFIER=Intel64 Family 6 Model 142 Stepping 12, GenuineIntel



---------------  S Y S T E M  ---------------

OS: Windows 10 , 64 bit Build 18362 (10.0.18362.329)

CPU:total 8 (initial active 8) (4 cores per cpu, 2 threads per core) family 6 model 142 stepping 12, cmov, cx8, fxsr, mmx, sse, sse2, sse3, ssse3, sse4.1, sse4.2, popcnt, avx, avx2, aes, clmul, erms, 3dnowpref, lzcnt, ht, tsc, tscinvbit, bmi1, bmi2, adx, fma

Memory: 4k page, system-wide physical 8006M (2117M free)
TotalPageFile size 8806M (AvailPageFile size 54M)
current process WorkingSet (physical memory assigned to process): 250M, peak: 250M
current process commit charge ("private bytes"): 312M, peak: 366M

vm_info: OpenJDK 64-Bit Server VM (11.0.5+10-b520.38) for windows-amd64 JRE (11.0.5+10-b520.38), built on Jan 23 2020 07:58:32 by "" with MS VC++ 14.0 (VS2015)

END.
