#
# There is insufficient memory for the Java Runtime Environment to continue.
# Native memory allocation (malloc) failed to allocate 32744 bytes for ChunkPool::allocate
# Possible reasons:
#   The system is out of physical RAM or swap space
#   The process is running with CompressedOops enabled, and the Java Heap may be blocking the growth of the native heap
# Possible solutions:
#   Reduce memory load on the system
#   Increase physical memory or swap space
#   Check if swap backing store is full
#   Decrease Java heap size (-Xmx/-Xms)
#   Decrease number of Java threads
#   Decrease Java thread stack sizes (-Xss)
#   Set larger code cache with -XX:ReservedCodeCacheSize=
#   JVM is running with Unscaled Compressed Oops mode in which the Java heap is
#     placed in the first 4GB address space. The Java Heap base address is the
#     maximum limit for the native heap growth. Please use -XX:HeapBaseMinAddress
#     to set the Java Heap base and to place the Java Heap above 4GB virtual address.
# This output file may be truncated or incomplete.
#
#  Out of Memory Error (c:/BuildAgent/work/5ff2f6c26000d570/src/hotspot/share/memory/arena.cpp:81), pid=9472, tid=4956
#
# JRE version: OpenJDK Runtime Environment (11.0.5+10) (build 11.0.5+10-b520.38)
# Java VM: OpenJDK 64-Bit Server VM (11.0.5+10-b520.38, mixed mode, sharing, tiered, compressed oops, g1 gc, windows-amd64)
# No core dump will be written. Minidumps are not enabled by default on client versions of Windows
#

---------------  S U M M A R Y ------------

Command Line: -XX:TieredStopAtLevel=1 -Xverify:none -Dspring.output.ansi.enabled=always -Dcom.sun.management.jmxremote -Dspring.jmx.enabled=true -Dspring.liveBeansView.mbeanDomain -Dspring.application.admin.enabled=true -javaagent:C:\Program Files\JetBrains\IntelliJ IDEA 2019.3.3\lib\idea_rt.jar=55296:C:\Program Files\JetBrains\IntelliJ IDEA 2019.3.3\bin -Dfile.encoding=UTF-8 com.demosocket.shipyard.ShipyardApplication

Host: Intel(R) Core(TM) i5-8265U CPU @ 1.60GHz, 8 cores, 7G,  Windows 10 , 64 bit Build 18362 (10.0.18362.329)
Time: Thu Mar 12 21:32:35 2020 Aaea?onu (ceia) elapsed time: 7 seconds (0d 0h 0m 7s)

---------------  T H R E A D  ---------------

Current thread (0x000001ed8b17c800):  JavaThread "http-nio-8080-exec-1" daemon [_thread_in_vm, id=4956, stack(0x0000009ee3300000,0x0000009ee3400000)]

Stack: [0x0000009ee3300000,0x0000009ee3400000]
Native frames: (J=compiled Java code, j=interpreted, Vv=VM code, C=native code)
V  [jvm.dll+0x5dcafa]
V  [jvm.dll+0x70e375]
V  [jvm.dll+0x70f898]
V  [jvm.dll+0x70ff63]
V  [jvm.dll+0x23e238]
V  [jvm.dll+0xb8cfb]
V  [jvm.dll+0xb8fac]
V  [jvm.dll+0x2433f5]
V  [jvm.dll+0x245dd6]
V  [jvm.dll+0x24576e]
V  [jvm.dll+0x244d7e]
V  [jvm.dll+0x244b46]
V  [jvm.dll+0x1b7f0c]
V  [jvm.dll+0x1b795a]
V  [jvm.dll+0x4c588d]
V  [jvm.dll+0x6ae26b]
V  [jvm.dll+0x3e0004]
V  [jvm.dll+0x3e4349]
C  [java.dll+0x19b8]

Java frames: (J=compiled Java code, j=interpreted, Vv=VM code)
J 1418  java.lang.ClassLoader.defineClass1(Ljava/lang/ClassLoader;Ljava/lang/String;[BIILjava/security/ProtectionDomain;Ljava/lang/String;)Ljava/lang/Class; java.base@11.0.5 (0 bytes) @ 0x000001edf033658b [0x000001edf03364c0+0x00000000000000cb]
J 1301 c1 java.lang.ClassLoader.defineClass(Ljava/lang/String;[BIILjava/security/ProtectionDomain;)Ljava/lang/Class; java.base@11.0.5 (43 bytes) @ 0x000001edf0304f9c [0x000001edf0304e80+0x000000000000011c]
J 1421 c1 jdk.internal.loader.BuiltinClassLoader.defineClass(Ljava/lang/String;Ljdk/internal/loader/Resource;)Ljava/lang/Class; java.base@11.0.5 (121 bytes) @ 0x000001edf033e094 [0x000001edf033dac0+0x00000000000005d4]
J 1401 c1 jdk.internal.loader.BuiltinClassLoader.findClassOnClassPathOrNull(Ljava/lang/String;)Ljava/lang/Class; java.base@11.0.5 (64 bytes) @ 0x000001edf0331484 [0x000001edf03313a0+0x00000000000000e4]
J 1193 c1 jdk.internal.loader.BuiltinClassLoader.loadClassOrNull(Ljava/lang/String;Z)Ljava/lang/Class; java.base@11.0.5 (143 bytes) @ 0x000001edf02d5acc [0x000001edf02d55a0+0x000000000000052c]
J 1217 c1 jdk.internal.loader.ClassLoaders$AppClassLoader.loadClass(Ljava/lang/String;Z)Ljava/lang/Class; java.base@11.0.5 (40 bytes) @ 0x000001edf02deae4 [0x000001edf02de980+0x0000000000000164]
J 1204 c1 java.lang.ClassLoader.loadClass(Ljava/lang/String;)Ljava/lang/Class; java.base@11.0.5 (7 bytes) @ 0x000001edf02d9a24 [0x000001edf02d99c0+0x0000000000000064]
v  ~StubRoutines::call_stub
J 1418  java.lang.ClassLoader.defineClass1(Ljava/lang/ClassLoader;Ljava/lang/String;[BIILjava/security/ProtectionDomain;Ljava/lang/String;)Ljava/lang/Class; java.base@11.0.5 (0 bytes) @ 0x000001edf033658b [0x000001edf03364c0+0x00000000000000cb]
J 1301 c1 java.lang.ClassLoader.defineClass(Ljava/lang/String;[BIILjava/security/ProtectionDomain;)Ljava/lang/Class; java.base@11.0.5 (43 bytes) @ 0x000001edf0304f9c [0x000001edf0304e80+0x000000000000011c]
J 1421 c1 jdk.internal.loader.BuiltinClassLoader.defineClass(Ljava/lang/String;Ljdk/internal/loader/Resource;)Ljava/lang/Class; java.base@11.0.5 (121 bytes) @ 0x000001edf033e094 [0x000001edf033dac0+0x00000000000005d4]
J 1401 c1 jdk.internal.loader.BuiltinClassLoader.findClassOnClassPathOrNull(Ljava/lang/String;)Ljava/lang/Class; java.base@11.0.5 (64 bytes) @ 0x000001edf0331484 [0x000001edf03313a0+0x00000000000000e4]
J 1193 c1 jdk.internal.loader.BuiltinClassLoader.loadClassOrNull(Ljava/lang/String;Z)Ljava/lang/Class; java.base@11.0.5 (143 bytes) @ 0x000001edf02d5acc [0x000001edf02d55a0+0x000000000000052c]
J 1217 c1 jdk.internal.loader.ClassLoaders$AppClassLoader.loadClass(Ljava/lang/String;Z)Ljava/lang/Class; java.base@11.0.5 (40 bytes) @ 0x000001edf02deae4 [0x000001edf02de980+0x0000000000000164]
J 1204 c1 java.lang.ClassLoader.loadClass(Ljava/lang/String;)Ljava/lang/Class; java.base@11.0.5 (7 bytes) @ 0x000001edf02d9a24 [0x000001edf02d99c0+0x0000000000000064]
v  ~StubRoutines::call_stub
j  org.hibernate.internal.SessionFactoryImpl$SessionBuilderImpl.openSession()Lorg/hibernate/Session;+12
j  org.hibernate.internal.SessionFactoryImpl.buildEntityManager(Ljavax/persistence/SynchronizationType;Ljava/util/Map;)Lorg/hibernate/Session;+53
j  org.hibernate.internal.SessionFactoryImpl.createEntityManager()Lorg/hibernate/Session;+9
j  org.hibernate.internal.SessionFactoryImpl.createEntityManager()Ljavax/persistence/EntityManager;+1
j  org.springframework.orm.jpa.EntityManagerFactoryAccessor.createEntityManager()Ljavax/persistence/EntityManager;+28
j  org.springframework.orm.jpa.support.OpenEntityManagerInViewInterceptor.preHandle(Lorg/springframework/web/context/request/WebRequest;)V+103
j  org.springframework.web.servlet.handler.WebRequestHandlerInterceptorAdapter.preHandle(Ljavax/servlet/http/HttpServletRequest;Ljavax/servlet/http/HttpServletResponse;Ljava/lang/Object;)Z+13
j  org.springframework.web.servlet.HandlerExecutionChain.applyPreHandle(Ljavax/servlet/http/HttpServletRequest;Ljavax/servlet/http/HttpServletResponse;)Z+36
j  org.springframework.web.servlet.DispatcherServlet.doDispatch(Ljavax/servlet/http/HttpServletRequest;Ljavax/servlet/http/HttpServletResponse;)V+208
j  org.springframework.web.servlet.DispatcherServlet.doService(Ljavax/servlet/http/HttpServletRequest;Ljavax/servlet/http/HttpServletResponse;)V+212
j  org.springframework.web.servlet.FrameworkServlet.processRequest(Ljavax/servlet/http/HttpServletRequest;Ljavax/servlet/http/HttpServletResponse;)V+71
j  org.springframework.web.servlet.FrameworkServlet.doGet(Ljavax/servlet/http/HttpServletRequest;Ljavax/servlet/http/HttpServletResponse;)V+3
j  javax.servlet.http.HttpServlet.service(Ljavax/servlet/http/HttpServletRequest;Ljavax/servlet/http/HttpServletResponse;)V+35
j  org.springframework.web.servlet.FrameworkServlet.service(Ljavax/servlet/http/HttpServletRequest;Ljavax/servlet/http/HttpServletResponse;)V+33
j  javax.servlet.http.HttpServlet.service(Ljavax/servlet/ServletRequest;Ljavax/servlet/ServletResponse;)V+36
j  org.apache.catalina.core.ApplicationFilterChain.internalDoFilter(Ljavax/servlet/ServletRequest;Ljavax/servlet/ServletResponse;)V+304
j  org.apache.catalina.core.ApplicationFilterChain.doFilter(Ljavax/servlet/ServletRequest;Ljavax/servlet/ServletResponse;)V+101
j  org.apache.tomcat.websocket.server.WsFilter.doFilter(Ljavax/servlet/ServletRequest;Ljavax/servlet/ServletResponse;Ljavax/servlet/FilterChain;)V+21
j  org.apache.catalina.core.ApplicationFilterChain.internalDoFilter(Ljavax/servlet/ServletRequest;Ljavax/servlet/ServletResponse;)V+135
j  org.apache.catalina.core.ApplicationFilterChain.doFilter(Ljavax/servlet/ServletRequest;Ljavax/servlet/ServletResponse;)V+101
j  org.springframework.web.filter.RequestContextFilter.doFilterInternal(Ljavax/servlet/http/HttpServletRequest;Ljavax/servlet/http/HttpServletResponse;Ljavax/servlet/FilterChain;)V+21
j  org.springframework.web.filter.OncePerRequestFilter.doFilter(Ljavax/servlet/ServletRequest;Ljavax/servlet/ServletResponse;Ljavax/servlet/FilterChain;)V+147
j  org.apache.catalina.core.ApplicationFilterChain.internalDoFilter(Ljavax/servlet/ServletRequest;Ljavax/servlet/ServletResponse;)V+135
j  org.apache.catalina.core.ApplicationFilterChain.doFilter(Ljavax/servlet/ServletRequest;Ljavax/servlet/ServletResponse;)V+101
j  org.springframework.web.filter.FormContentFilter.doFilterInternal(Ljavax/servlet/http/HttpServletRequest;Ljavax/servlet/http/HttpServletResponse;Ljavax/servlet/FilterChain;)V+38
j  org.springframework.web.filter.OncePerRequestFilter.doFilter(Ljavax/servlet/ServletRequest;Ljavax/servlet/ServletResponse;Ljavax/servlet/FilterChain;)V+147
j  org.apache.catalina.core.ApplicationFilterChain.internalDoFilter(Ljavax/servlet/ServletRequest;Ljavax/servlet/ServletResponse;)V+135
j  org.apache.catalina.core.ApplicationFilterChain.doFilter(Ljavax/servlet/ServletRequest;Ljavax/servlet/ServletResponse;)V+101
j  org.springframework.web.filter.CharacterEncodingFilter.doFilterInternal(Ljavax/servlet/http/HttpServletRequest;Ljavax/servlet/http/HttpServletResponse;Ljavax/servlet/FilterChain;)V+53
j  org.springframework.web.filter.OncePerRequestFilter.doFilter(Ljavax/servlet/ServletRequest;Ljavax/servlet/ServletResponse;Ljavax/servlet/FilterChain;)V+147
j  org.apache.catalina.core.ApplicationFilterChain.internalDoFilter(Ljavax/servlet/ServletRequest;Ljavax/servlet/ServletResponse;)V+135
j  org.apache.catalina.core.ApplicationFilterChain.doFilter(Ljavax/servlet/ServletRequest;Ljavax/servlet/ServletResponse;)V+101
j  org.apache.catalina.core.StandardWrapperValve.invoke(Lorg/apache/catalina/connector/Request;Lorg/apache/catalina/connector/Response;)V+694
j  org.apache.catalina.core.StandardContextValve.invoke(Lorg/apache/catalina/connector/Request;Lorg/apache/catalina/connector/Response;)V+166
j  org.apache.catalina.authenticator.AuthenticatorBase.invoke(Lorg/apache/catalina/connector/Request;Lorg/apache/catalina/connector/Response;)V+260
j  org.apache.catalina.core.StandardHostValve.invoke(Lorg/apache/catalina/connector/Request;Lorg/apache/catalina/connector/Response;)V+114
j  org.apache.catalina.valves.ErrorReportValve.invoke(Lorg/apache/catalina/connector/Request;Lorg/apache/catalina/connector/Response;)V+6
j  org.apache.catalina.core.StandardEngineValve.invoke(Lorg/apache/catalina/connector/Request;Lorg/apache/catalina/connector/Response;)V+45
j  org.apache.catalina.connector.CoyoteAdapter.service(Lorg/apache/coyote/Request;Lorg/apache/coyote/Response;)V+199
j  org.apache.coyote.http11.Http11Processor.service(Lorg/apache/tomcat/util/net/SocketWrapperBase;)Lorg/apache/tomcat/util/net/AbstractEndpoint$Handler$SocketState;+727
j  org.apache.coyote.AbstractProcessorLight.process(Lorg/apache/tomcat/util/net/SocketWrapperBase;Lorg/apache/tomcat/util/net/SocketEvent;)Lorg/apache/tomcat/util/net/AbstractEndpoint$Handler$SocketState;+170
j  org.apache.coyote.AbstractProtocol$ConnectionHandler.process(Lorg/apache/tomcat/util/net/SocketWrapperBase;Lorg/apache/tomcat/util/net/SocketEvent;)Lorg/apache/tomcat/util/net/AbstractEndpoint$Handler$SocketState;+505
j  org.apache.tomcat.util.net.NioEndpoint$SocketProcessor.doRun()V+221
j  org.apache.tomcat.util.net.SocketProcessorBase.run()V+21
j  java.util.concurrent.ThreadPoolExecutor.runWorker(Ljava/util/concurrent/ThreadPoolExecutor$Worker;)V+92 java.base@11.0.5
j  java.util.concurrent.ThreadPoolExecutor$Worker.run()V+5 java.base@11.0.5
j  org.apache.tomcat.util.threads.TaskThread$WrappingRunnable.run()V+4
j  java.lang.Thread.run()V+11 java.base@11.0.5
v  ~StubRoutines::call_stub

---------------  P R O C E S S  ---------------

Threads class SMR info:
_java_thread_list=0x000001ed8ad44660, length=31, elements={
0x000001ed8629b800, 0x000001ed8629c800, 0x000001ed862ba000, 0x000001ed862bb000,
0x000001ed862bc000, 0x000001ed86bd0800, 0x000001ed86280800, 0x000001ed8709f800,
0x000001ed870a0000, 0x000001ed872b3000, 0x000001ed88228000, 0x000001ed875ed000,
0x000001ed88bf5000, 0x000001ed88520800, 0x000001ed884ed800, 0x000001ed885d9800,
0x000001ed8b16f000, 0x000001ed8b17c800, 0x000001ed8b17e800, 0x000001ed8b182800,
0x000001ed8b17d800, 0x000001ed8b183000, 0x000001ed8b184000, 0x000001ed8b17f000,
0x000001ed8b180000, 0x000001ed8b181800, 0x000001ed8b181000, 0x000001ed8b19e800,
0x000001ed8b19a800, 0x000001ed8b19c000, 0x000001ed8b1a0800
}

Java Threads: ( => current thread )
  0x000001ed8629b800 JavaThread "Reference Handler" daemon [_thread_blocked, id=7184, stack(0x0000009ee1900000,0x0000009ee1a00000)]
  0x000001ed8629c800 JavaThread "Finalizer" daemon [_thread_blocked, id=2796, stack(0x0000009ee1a00000,0x0000009ee1b00000)]
  0x000001ed862ba000 JavaThread "Signal Dispatcher" daemon [_thread_blocked, id=8608, stack(0x0000009ee1b00000,0x0000009ee1c00000)]
  0x000001ed862bb000 JavaThread "Attach Listener" daemon [_thread_blocked, id=4312, stack(0x0000009ee1c00000,0x0000009ee1d00000)]
  0x000001ed862bc000 JavaThread "C1 CompilerThread0" daemon [_thread_blocked, id=4916, stack(0x0000009ee1d00000,0x0000009ee1e00000)]
  0x000001ed86bd0800 JavaThread "Sweeper thread" daemon [_thread_blocked, id=2892, stack(0x0000009ee1e00000,0x0000009ee1f00000)]
  0x000001ed86280800 JavaThread "Common-Cleaner" daemon [_thread_blocked, id=12192, stack(0x0000009ee1f00000,0x0000009ee2000000)]
  0x000001ed8709f800 JavaThread "Monitor Ctrl-Break" daemon [_thread_in_native, id=11552, stack(0x0000009ee2000000,0x0000009ee2100000)]
  0x000001ed870a0000 JavaThread "Service Thread" daemon [_thread_blocked, id=11348, stack(0x0000009ee2100000,0x0000009ee2200000)]
  0x000001ed872b3000 JavaThread "RMI TCP Accept-0" daemon [_thread_in_native, id=4256, stack(0x0000009ee2200000,0x0000009ee2300000)]
  0x000001ed88228000 JavaThread "RMI TCP Connection(1)-192.168.100.3" daemon [_thread_in_native, id=10492, stack(0x0000009ee2800000,0x0000009ee2900000)]
  0x000001ed875ed000 JavaThread "RMI Scheduler(0)" daemon [_thread_blocked, id=7828, stack(0x0000009ee2600000,0x0000009ee2700000)]
  0x000001ed88bf5000 JavaThread "Catalina-utility-1" [_thread_blocked, id=7456, stack(0x0000009ee2a00000,0x0000009ee2b00000)]
  0x000001ed88520800 JavaThread "Catalina-utility-2" [_thread_blocked, id=5096, stack(0x0000009ee2b00000,0x0000009ee2c00000)]
  0x000001ed884ed800 JavaThread "container-0" [_thread_blocked, id=8940, stack(0x0000009ee2c00000,0x0000009ee2d00000)]
  0x000001ed885d9800 JavaThread "mysql-cj-abandoned-connection-cleanup" daemon [_thread_blocked, id=8536, stack(0x0000009ee2d00000,0x0000009ee2e00000)]
  0x000001ed8b16f000 JavaThread "http-nio-8080-BlockPoller" daemon [_thread_in_native, id=3296, stack(0x0000009ee3200000,0x0000009ee3300000)]
=>0x000001ed8b17c800 JavaThread "http-nio-8080-exec-1" daemon [_thread_in_vm, id=4956, stack(0x0000009ee3300000,0x0000009ee3400000)]
  0x000001ed8b17e800 JavaThread "http-nio-8080-exec-2" daemon [_thread_blocked, id=11900, stack(0x0000009ee3400000,0x0000009ee3500000)]
  0x000001ed8b182800 JavaThread "http-nio-8080-exec-3" daemon [_thread_blocked, id=1772, stack(0x0000009ee3500000,0x0000009ee3600000)]
  0x000001ed8b17d800 JavaThread "http-nio-8080-exec-4" daemon [_thread_blocked, id=9280, stack(0x0000009ee3600000,0x0000009ee3700000)]
  0x000001ed8b183000 JavaThread "http-nio-8080-exec-5" daemon [_thread_blocked, id=2708, stack(0x0000009ee3700000,0x0000009ee3800000)]
  0x000001ed8b184000 JavaThread "http-nio-8080-exec-6" daemon [_thread_blocked, id=8888, stack(0x0000009ee3800000,0x0000009ee3900000)]
  0x000001ed8b17f000 JavaThread "http-nio-8080-exec-7" daemon [_thread_blocked, id=2612, stack(0x0000009ee3900000,0x0000009ee3a00000)]
  0x000001ed8b180000 JavaThread "http-nio-8080-exec-8" daemon [_thread_blocked, id=6264, stack(0x0000009ee3a00000,0x0000009ee3b00000)]
  0x000001ed8b181800 JavaThread "http-nio-8080-exec-9" daemon [_thread_blocked, id=7928, stack(0x0000009ee3b00000,0x0000009ee3c00000)]
  0x000001ed8b181000 JavaThread "http-nio-8080-exec-10" daemon [_thread_blocked, id=10688, stack(0x0000009ee3c00000,0x0000009ee3d00000)]
  0x000001ed8b19e800 JavaThread "http-nio-8080-ClientPoller" daemon [_thread_in_native, id=10608, stack(0x0000009ee3d00000,0x0000009ee3e00000)]
  0x000001ed8b19a800 JavaThread "http-nio-8080-Acceptor" daemon [_thread_in_native, id=4768, stack(0x0000009ee3e00000,0x0000009ee3f00000)]
  0x000001ed8b19c000 JavaThread "DestroyJavaVM" [_thread_blocked, id=3988, stack(0x0000009ee1200000,0x0000009ee1300000)]
  0x000001ed8b1a0800 JavaThread "RMI TCP Connection(2)-192.168.100.3" daemon [_thread_in_native, id=7912, stack(0x0000009ee3f00000,0x0000009ee4000000)]

Other Threads:
  0x000001ed8629a800 VMThread "VM Thread" [stack: 0x0000009ee1800000,0x0000009ee1900000] [id=11912]
  0x000001ed872b7000 WatcherThread [stack: 0x0000009ee2300000,0x0000009ee2400000] [id=5884]
  0x000001edeb94d800 GCTaskThread "GC Thread#0" [stack: 0x0000009ee1300000,0x0000009ee1400000] [id=296]
  0x000001ed8755c800 GCTaskThread "GC Thread#1" [stack: 0x0000009ee2400000,0x0000009ee2500000] [id=584]
  0x000001ed875bf000 GCTaskThread "GC Thread#2" [stack: 0x0000009ee2500000,0x0000009ee2600000] [id=4608]
  0x000001ed8776a000 GCTaskThread "GC Thread#3" [stack: 0x0000009ee2700000,0x0000009ee2800000] [id=1496]
  0x000001ed88d3e000 GCTaskThread "GC Thread#4" [stack: 0x0000009ee2e00000,0x0000009ee2f00000] [id=10128]
  0x000001ed88d98800 GCTaskThread "GC Thread#5" [stack: 0x0000009ee2f00000,0x0000009ee3000000] [id=9640]
  0x000001ed88cbb000 GCTaskThread "GC Thread#6" [stack: 0x0000009ee3000000,0x0000009ee3100000] [id=1684]
  0x000001ed88cbc000 GCTaskThread "GC Thread#7" [stack: 0x0000009ee3100000,0x0000009ee3200000] [id=10612]
  0x000001edeb97e000 ConcurrentGCThread "G1 Main Marker" [stack: 0x0000009ee1400000,0x0000009ee1500000] [id=10340]
  0x000001edeb981000 ConcurrentGCThread "G1 Conc#0" [stack: 0x0000009ee1500000,0x0000009ee1600000] [id=6568]
  0x000001ed88baf000 ConcurrentGCThread "G1 Conc#1" [stack: 0x0000009ee2900000,0x0000009ee2a00000] [id=4100]
  0x000001ed8612f800 ConcurrentGCThread "G1 Refine#0" [stack: 0x0000009ee1600000,0x0000009ee1700000] [id=9520]
  0x000001ed86130800 ConcurrentGCThread "G1 Young RemSet Sampling" [stack: 0x0000009ee1700000,0x0000009ee1800000] [id=2116]

Threads with active compile tasks:

VM state:not at safepoint (normal execution)

VM Mutex/Monitor currently owned by a thread: None

Heap address: 0x0000000082e00000, size: 2002 MB, Compressed Oops mode: 32-bit
Narrow klass base: 0x0000000800000000, Narrow klass shift: 3
Compressed class space size: 1073741824 Address: 0x0000000840000000

Heap:
 garbage-first heap   total 195584K, used 68332K [0x0000000082e00000, 0x0000000100000000)
  region size 1024K, 48 young (49152K), 12 survivors (12288K)
 Metaspace       used 52280K, capacity 53881K, committed 54192K, reserved 1095680K
  class space    used 7221K, capacity 7831K, committed 7936K, reserved 1048576K
Heap Regions: E=young(eden), S=young(survivor), O=old, HS=humongous(starts), HC=humongous(continues), CS=collection set, F=free, A=archive, TAMS=top-at-mark-start (previous, next)
|   0|0x0000000082e00000, 0x0000000082f00000, 0x0000000082f00000|100%|HS|  |TAMS 0x0000000082f00000, 0x0000000082e00000| Complete 
|   1|0x0000000082f00000, 0x0000000083000000, 0x0000000083000000|100%| O|  |TAMS 0x0000000083000000, 0x0000000082f00000| Untracked 
|   2|0x0000000083000000, 0x0000000083100000, 0x0000000083100000|100%| O|  |TAMS 0x0000000083100000, 0x0000000083000000| Untracked 
|   3|0x0000000083100000, 0x0000000083200000, 0x0000000083200000|100%| O|  |TAMS 0x0000000083200000, 0x0000000083100000| Untracked 
|   4|0x0000000083200000, 0x0000000083300000, 0x0000000083300000|100%| O|  |TAMS 0x0000000083300000, 0x0000000083200000| Untracked 
|   5|0x0000000083300000, 0x0000000083400000, 0x0000000083400000|100%| O|  |TAMS 0x0000000083400000, 0x0000000083300000| Untracked 
|   6|0x0000000083400000, 0x0000000083500000, 0x0000000083500000|100%| O|  |TAMS 0x0000000083500000, 0x0000000083400000| Untracked 
|   7|0x0000000083500000, 0x0000000083600000, 0x0000000083600000|100%| O|  |TAMS 0x0000000083600000, 0x0000000083500000| Untracked 
|   8|0x0000000083600000, 0x0000000083700000, 0x0000000083700000|100%| O|  |TAMS 0x0000000083700000, 0x0000000083600000| Untracked 
|   9|0x0000000083700000, 0x0000000083800000, 0x0000000083800000|100%| O|  |TAMS 0x0000000083800000, 0x0000000083700000| Untracked 
|  10|0x0000000083800000, 0x0000000083900000, 0x0000000083900000|100%| O|  |TAMS 0x0000000083900000, 0x0000000083800000| Untracked 
|  11|0x0000000083900000, 0x0000000083a00000, 0x0000000083a00000|100%| O|  |TAMS 0x0000000083925e00, 0x0000000083900000| Untracked 
|  12|0x0000000083a00000, 0x0000000083b00000, 0x0000000083b00000|100%| O|  |TAMS 0x0000000083a00000, 0x0000000083a00000| Untracked 
|  13|0x0000000083b00000, 0x0000000083c00000, 0x0000000083c00000|100%| O|  |TAMS 0x0000000083b00000, 0x0000000083b00000| Untracked 
|  14|0x0000000083c00000, 0x0000000083d00000, 0x0000000083d00000|100%| O|  |TAMS 0x0000000083c00000, 0x0000000083c00000| Untracked 
|  15|0x0000000083d00000, 0x0000000083e00000, 0x0000000083e00000|100%| O|  |TAMS 0x0000000083d00000, 0x0000000083d00000| Untracked 
|  16|0x0000000083e00000, 0x0000000083f00000, 0x0000000083f00000|100%| O|  |TAMS 0x0000000083e00000, 0x0000000083e00000| Untracked 
|  17|0x0000000083f00000, 0x0000000084000000, 0x0000000084000000|100%| O|  |TAMS 0x0000000083f00000, 0x0000000083f00000| Untracked 
|  18|0x0000000084000000, 0x0000000084100000, 0x0000000084100000|100%| O|  |TAMS 0x0000000084000000, 0x0000000084000000| Untracked 
|  19|0x0000000084100000, 0x0000000084200000, 0x0000000084200000|100%| O|  |TAMS 0x0000000084100000, 0x0000000084100000| Untracked 
|  20|0x0000000084200000, 0x000000008427b000, 0x0000000084300000| 48%| O|  |TAMS 0x0000000084200000, 0x0000000084200000| Untracked 
|  21|0x0000000084300000, 0x0000000084300000, 0x0000000084400000|  0%| F|  |TAMS 0x0000000084300000, 0x0000000084300000| Untracked 
|  22|0x0000000084400000, 0x0000000084400000, 0x0000000084500000|  0%| F|  |TAMS 0x0000000084400000, 0x0000000084400000| Untracked 
|  23|0x0000000084500000, 0x0000000084500000, 0x0000000084600000|  0%| F|  |TAMS 0x0000000084500000, 0x0000000084500000| Untracked 
|  24|0x0000000084600000, 0x0000000084600000, 0x0000000084700000|  0%| F|  |TAMS 0x0000000084600000, 0x0000000084600000| Untracked 
|  25|0x0000000084700000, 0x0000000084700000, 0x0000000084800000|  0%| F|  |TAMS 0x0000000084700000, 0x0000000084700000| Untracked 
|  26|0x0000000084800000, 0x0000000084800000, 0x0000000084900000|  0%| F|  |TAMS 0x0000000084800000, 0x0000000084800000| Untracked 
|  27|0x0000000084900000, 0x0000000084900000, 0x0000000084a00000|  0%| F|  |TAMS 0x0000000084900000, 0x0000000084900000| Untracked 
|  28|0x0000000084a00000, 0x0000000084a00000, 0x0000000084b00000|  0%| F|  |TAMS 0x0000000084a00000, 0x0000000084a00000| Untracked 
|  29|0x0000000084b00000, 0x0000000084b00000, 0x0000000084c00000|  0%| F|  |TAMS 0x0000000084b00000, 0x0000000084b00000| Untracked 
|  30|0x0000000084c00000, 0x0000000084c00000, 0x0000000084d00000|  0%| F|  |TAMS 0x0000000084c00000, 0x0000000084c00000| Untracked 
|  31|0x0000000084d00000, 0x0000000084d00000, 0x0000000084e00000|  0%| F|  |TAMS 0x0000000084d00000, 0x0000000084d00000| Untracked 
|  32|0x0000000084e00000, 0x0000000084e00000, 0x0000000084f00000|  0%| F|  |TAMS 0x0000000084e00000, 0x0000000084e00000| Untracked 
|  33|0x0000000084f00000, 0x0000000084f00000, 0x0000000085000000|  0%| F|  |TAMS 0x0000000084f00000, 0x0000000084f00000| Untracked 
|  34|0x0000000085000000, 0x0000000085000000, 0x0000000085100000|  0%| F|  |TAMS 0x0000000085000000, 0x0000000085000000| Untracked 
|  35|0x0000000085100000, 0x0000000085100000, 0x0000000085200000|  0%| F|  |TAMS 0x0000000085100000, 0x0000000085100000| Untracked 
|  36|0x0000000085200000, 0x0000000085200000, 0x0000000085300000|  0%| F|  |TAMS 0x0000000085200000, 0x0000000085200000| Untracked 
|  37|0x0000000085300000, 0x0000000085300000, 0x0000000085400000|  0%| F|  |TAMS 0x0000000085300000, 0x0000000085300000| Untracked 
|  38|0x0000000085400000, 0x0000000085400000, 0x0000000085500000|  0%| F|  |TAMS 0x0000000085400000, 0x0000000085400000| Untracked 
|  39|0x0000000085500000, 0x0000000085500000, 0x0000000085600000|  0%| F|  |TAMS 0x0000000085500000, 0x0000000085500000| Untracked 
|  40|0x0000000085600000, 0x0000000085600000, 0x0000000085700000|  0%| F|  |TAMS 0x0000000085600000, 0x0000000085600000| Untracked 
|  41|0x0000000085700000, 0x0000000085700000, 0x0000000085800000|  0%| F|  |TAMS 0x0000000085700000, 0x0000000085700000| Untracked 
|  42|0x0000000085800000, 0x0000000085800000, 0x0000000085900000|  0%| F|  |TAMS 0x0000000085800000, 0x0000000085800000| Untracked 
|  43|0x0000000085900000, 0x0000000085900000, 0x0000000085a00000|  0%| F|  |TAMS 0x0000000085900000, 0x0000000085900000| Untracked 
|  44|0x0000000085a00000, 0x0000000085a00000, 0x0000000085b00000|  0%| F|  |TAMS 0x0000000085a00000, 0x0000000085a00000| Untracked 
|  45|0x0000000085b00000, 0x0000000085b00000, 0x0000000085c00000|  0%| F|  |TAMS 0x0000000085b00000, 0x0000000085b00000| Untracked 
|  46|0x0000000085c00000, 0x0000000085c00000, 0x0000000085d00000|  0%| F|  |TAMS 0x0000000085c00000, 0x0000000085c00000| Untracked 
|  47|0x0000000085d00000, 0x0000000085d00000, 0x0000000085e00000|  0%| F|  |TAMS 0x0000000085d00000, 0x0000000085d00000| Untracked 
|  48|0x0000000085e00000, 0x0000000085e00000, 0x0000000085f00000|  0%| F|  |TAMS 0x0000000085e00000, 0x0000000085e00000| Untracked 
|  49|0x0000000085f00000, 0x0000000085f40020, 0x0000000086000000| 25%| S|CS|TAMS 0x0000000085f00000, 0x0000000085f00000| Complete 
|  50|0x0000000086000000, 0x0000000086100000, 0x0000000086100000|100%| S|CS|TAMS 0x0000000086000000, 0x0000000086000000| Complete 
|  51|0x0000000086100000, 0x0000000086100000, 0x0000000086200000|  0%| F|  |TAMS 0x0000000086100000, 0x0000000086100000| Untracked 
|  52|0x0000000086200000, 0x0000000086200000, 0x0000000086300000|  0%| F|  |TAMS 0x0000000086200000, 0x0000000086200000| Untracked 
|  53|0x0000000086300000, 0x0000000086300000, 0x0000000086400000|  0%| F|  |TAMS 0x0000000086300000, 0x0000000086300000| Untracked 
|  54|0x0000000086400000, 0x0000000086400000, 0x0000000086500000|  0%| F|  |TAMS 0x0000000086400000, 0x0000000086400000| Untracked 
|  55|0x0000000086500000, 0x0000000086500000, 0x0000000086600000|  0%| F|  |TAMS 0x0000000086500000, 0x0000000086500000| Untracked 
|  56|0x0000000086600000, 0x0000000086600000, 0x0000000086700000|  0%| F|  |TAMS 0x0000000086600000, 0x0000000086600000| Untracked 
|  57|0x0000000086700000, 0x0000000086700000, 0x0000000086800000|  0%| F|  |TAMS 0x0000000086700000, 0x0000000086700000| Untracked 
|  58|0x0000000086800000, 0x0000000086800000, 0x0000000086900000|  0%| F|  |TAMS 0x0000000086800000, 0x0000000086800000| Untracked 
|  59|0x0000000086900000, 0x0000000086900000, 0x0000000086a00000|  0%| F|  |TAMS 0x0000000086900000, 0x0000000086900000| Untracked 
|  60|0x0000000086a00000, 0x0000000086a00000, 0x0000000086b00000|  0%| F|  |TAMS 0x0000000086a00000, 0x0000000086a00000| Untracked 
|  61|0x0000000086b00000, 0x0000000086c00000, 0x0000000086c00000|100%| S|CS|TAMS 0x0000000086b00000, 0x0000000086b00000| Complete 
|  62|0x0000000086c00000, 0x0000000086d00000, 0x0000000086d00000|100%| S|CS|TAMS 0x0000000086c00000, 0x0000000086c00000| Complete 
|  63|0x0000000086d00000, 0x0000000086e00000, 0x0000000086e00000|100%| S|CS|TAMS 0x0000000086d00000, 0x0000000086d00000| Complete 
|  64|0x0000000086e00000, 0x0000000086f00000, 0x0000000086f00000|100%| S|CS|TAMS 0x0000000086e00000, 0x0000000086e00000| Complete 
|  65|0x0000000086f00000, 0x0000000087000000, 0x0000000087000000|100%| S|CS|TAMS 0x0000000086f00000, 0x0000000086f00000| Complete 
|  66|0x0000000087000000, 0x0000000087100000, 0x0000000087100000|100%| S|CS|TAMS 0x0000000087000000, 0x0000000087000000| Complete 
|  67|0x0000000087100000, 0x0000000087200000, 0x0000000087200000|100%| S|CS|TAMS 0x0000000087100000, 0x0000000087100000| Complete 
|  68|0x0000000087200000, 0x0000000087300000, 0x0000000087300000|100%| S|CS|TAMS 0x0000000087200000, 0x0000000087200000| Complete 
|  69|0x0000000087300000, 0x0000000087400000, 0x0000000087400000|100%| S|CS|TAMS 0x0000000087300000, 0x0000000087300000| Complete 
|  70|0x0000000087400000, 0x0000000087500000, 0x0000000087500000|100%| S|CS|TAMS 0x0000000087400000, 0x0000000087400000| Complete 
|  71|0x0000000087500000, 0x0000000087500000, 0x0000000087600000|  0%| F|  |TAMS 0x0000000087500000, 0x0000000087500000| Untracked 
|  72|0x0000000087600000, 0x0000000087600000, 0x0000000087700000|  0%| F|  |TAMS 0x0000000087600000, 0x0000000087600000| Untracked 
|  73|0x0000000087700000, 0x0000000087700000, 0x0000000087800000|  0%| F|  |TAMS 0x0000000087700000, 0x0000000087700000| Untracked 
|  74|0x0000000087800000, 0x0000000087800000, 0x0000000087900000|  0%| F|  |TAMS 0x0000000087800000, 0x0000000087800000| Untracked 
|  75|0x0000000087900000, 0x0000000087900000, 0x0000000087a00000|  0%| F|  |TAMS 0x0000000087900000, 0x0000000087900000| Untracked 
|  76|0x0000000087a00000, 0x0000000087a00000, 0x0000000087b00000|  0%| F|  |TAMS 0x0000000087a00000, 0x0000000087a00000| Untracked 
|  77|0x0000000087b00000, 0x0000000087b00000, 0x0000000087c00000|  0%| F|  |TAMS 0x0000000087b00000, 0x0000000087b00000| Untracked 
|  78|0x0000000087c00000, 0x0000000087c00000, 0x0000000087d00000|  0%| F|  |TAMS 0x0000000087c00000, 0x0000000087c00000| Untracked 
|  79|0x0000000087d00000, 0x0000000087d00000, 0x0000000087e00000|  0%| F|  |TAMS 0x0000000087d00000, 0x0000000087d00000| Untracked 
|  80|0x0000000087e00000, 0x0000000087e00000, 0x0000000087f00000|  0%| F|  |TAMS 0x0000000087e00000, 0x0000000087e00000| Untracked 
|  81|0x0000000087f00000, 0x0000000087f00000, 0x0000000088000000|  0%| F|  |TAMS 0x0000000087f00000, 0x0000000087f00000| Untracked 
|  82|0x0000000088000000, 0x0000000088000000, 0x0000000088100000|  0%| F|  |TAMS 0x0000000088000000, 0x0000000088000000| Untracked 
|  83|0x0000000088100000, 0x0000000088100000, 0x0000000088200000|  0%| F|  |TAMS 0x0000000088100000, 0x0000000088100000| Untracked 
|  84|0x0000000088200000, 0x0000000088200000, 0x0000000088300000|  0%| F|  |TAMS 0x0000000088200000, 0x0000000088200000| Untracked 
|  85|0x0000000088300000, 0x0000000088300000, 0x0000000088400000|  0%| F|  |TAMS 0x0000000088300000, 0x0000000088300000| Untracked 
|  86|0x0000000088400000, 0x0000000088400000, 0x0000000088500000|  0%| F|  |TAMS 0x0000000088400000, 0x0000000088400000| Untracked 
|  87|0x0000000088500000, 0x0000000088500000, 0x0000000088600000|  0%| F|  |TAMS 0x0000000088500000, 0x0000000088500000| Untracked 
|  88|0x0000000088600000, 0x0000000088600000, 0x0000000088700000|  0%| F|  |TAMS 0x0000000088600000, 0x0000000088600000| Untracked 
|  89|0x0000000088700000, 0x0000000088700000, 0x0000000088800000|  0%| F|  |TAMS 0x0000000088700000, 0x0000000088700000| Untracked 
|  90|0x0000000088800000, 0x0000000088800000, 0x0000000088900000|  0%| F|  |TAMS 0x0000000088800000, 0x0000000088800000| Untracked 
|  91|0x0000000088900000, 0x0000000088900000, 0x0000000088a00000|  0%| F|  |TAMS 0x0000000088900000, 0x0000000088900000| Untracked 
|  92|0x0000000088a00000, 0x0000000088a00000, 0x0000000088b00000|  0%| F|  |TAMS 0x0000000088a00000, 0x0000000088a00000| Untracked 
|  93|0x0000000088b00000, 0x0000000088b00000, 0x0000000088c00000|  0%| F|  |TAMS 0x0000000088b00000, 0x0000000088b00000| Untracked 
|  94|0x0000000088c00000, 0x0000000088c00000, 0x0000000088d00000|  0%| F|  |TAMS 0x0000000088c00000, 0x0000000088c00000| Untracked 
|  95|0x0000000088d00000, 0x0000000088d00000, 0x0000000088e00000|  0%| F|  |TAMS 0x0000000088d00000, 0x0000000088d00000| Untracked 
|  96|0x0000000088e00000, 0x0000000088e00000, 0x0000000088f00000|  0%| F|  |TAMS 0x0000000088e00000, 0x0000000088e00000| Untracked 
|  97|0x0000000088f00000, 0x0000000088f00000, 0x0000000089000000|  0%| F|  |TAMS 0x0000000088f00000, 0x0000000088f00000| Untracked 
|  98|0x0000000089000000, 0x0000000089000000, 0x0000000089100000|  0%| F|  |TAMS 0x0000000089000000, 0x0000000089000000| Untracked 
|  99|0x0000000089100000, 0x0000000089100000, 0x0000000089200000|  0%| F|  |TAMS 0x0000000089100000, 0x0000000089100000| Untracked 
| 100|0x0000000089200000, 0x0000000089200000, 0x0000000089300000|  0%| F|  |TAMS 0x0000000089200000, 0x0000000089200000| Untracked 
| 101|0x0000000089300000, 0x0000000089300000, 0x0000000089400000|  0%| F|  |TAMS 0x0000000089300000, 0x0000000089300000| Untracked 
| 102|0x0000000089400000, 0x0000000089400000, 0x0000000089500000|  0%| F|  |TAMS 0x0000000089400000, 0x0000000089400000| Untracked 
| 103|0x0000000089500000, 0x0000000089500000, 0x0000000089600000|  0%| F|  |TAMS 0x0000000089500000, 0x0000000089500000| Untracked 
| 104|0x0000000089600000, 0x0000000089600000, 0x0000000089700000|  0%| F|  |TAMS 0x0000000089600000, 0x0000000089600000| Untracked 
| 105|0x0000000089700000, 0x0000000089700000, 0x0000000089800000|  0%| F|  |TAMS 0x0000000089700000, 0x0000000089700000| Untracked 
| 106|0x0000000089800000, 0x0000000089800000, 0x0000000089900000|  0%| F|  |TAMS 0x0000000089800000, 0x0000000089800000| Untracked 
| 107|0x0000000089900000, 0x0000000089900000, 0x0000000089a00000|  0%| F|  |TAMS 0x0000000089900000, 0x0000000089900000| Untracked 
| 108|0x0000000089a00000, 0x0000000089a00000, 0x0000000089b00000|  0%| F|  |TAMS 0x0000000089a00000, 0x0000000089a00000| Untracked 
| 109|0x0000000089b00000, 0x0000000089b00000, 0x0000000089c00000|  0%| F|  |TAMS 0x0000000089b00000, 0x0000000089b00000| Untracked 
| 110|0x0000000089c00000, 0x0000000089c00000, 0x0000000089d00000|  0%| F|  |TAMS 0x0000000089c00000, 0x0000000089c00000| Untracked 
| 111|0x0000000089d00000, 0x0000000089d00000, 0x0000000089e00000|  0%| F|  |TAMS 0x0000000089d00000, 0x0000000089d00000| Untracked 
| 112|0x0000000089e00000, 0x0000000089e00000, 0x0000000089f00000|  0%| F|  |TAMS 0x0000000089e00000, 0x0000000089e00000| Untracked 
| 113|0x0000000089f00000, 0x0000000089f00000, 0x000000008a000000|  0%| F|  |TAMS 0x0000000089f00000, 0x0000000089f00000| Untracked 
| 114|0x000000008a000000, 0x000000008a000000, 0x000000008a100000|  0%| F|  |TAMS 0x000000008a000000, 0x000000008a000000| Untracked 
| 115|0x000000008a100000, 0x000000008a100000, 0x000000008a200000|  0%| F|  |TAMS 0x000000008a100000, 0x000000008a100000| Untracked 
| 116|0x000000008a200000, 0x000000008a200000, 0x000000008a300000|  0%| F|  |TAMS 0x000000008a200000, 0x000000008a200000| Untracked 
| 117|0x000000008a300000, 0x000000008a300000, 0x000000008a400000|  0%| F|  |TAMS 0x000000008a300000, 0x000000008a300000| Untracked 
| 118|0x000000008a400000, 0x000000008a400000, 0x000000008a500000|  0%| F|  |TAMS 0x000000008a400000, 0x000000008a400000| Untracked 
| 119|0x000000008a500000, 0x000000008a500000, 0x000000008a600000|  0%| F|  |TAMS 0x000000008a500000, 0x000000008a500000| Untracked 
| 120|0x000000008a600000, 0x000000008a600000, 0x000000008a700000|  0%| F|  |TAMS 0x000000008a600000, 0x000000008a600000| Untracked 
| 121|0x000000008a700000, 0x000000008a700000, 0x000000008a800000|  0%| F|  |TAMS 0x000000008a700000, 0x000000008a700000| Untracked 
| 122|0x000000008a800000, 0x000000008a800000, 0x000000008a900000|  0%| F|  |TAMS 0x000000008a800000, 0x000000008a800000| Untracked 
| 123|0x000000008a900000, 0x000000008a900000, 0x000000008aa00000|  0%| F|  |TAMS 0x000000008a900000, 0x000000008a900000| Untracked 
| 124|0x000000008aa00000, 0x000000008aa00000, 0x000000008ab00000|  0%| F|  |TAMS 0x000000008aa00000, 0x000000008aa00000| Untracked 
| 125|0x000000008ab00000, 0x000000008ab00000, 0x000000008ac00000|  0%| F|  |TAMS 0x000000008ab00000, 0x000000008ab00000| Untracked 
| 126|0x000000008ac00000, 0x000000008ac00000, 0x000000008ad00000|  0%| F|  |TAMS 0x000000008ac00000, 0x000000008ac00000| Untracked 
| 127|0x000000008ad00000, 0x000000008ad00000, 0x000000008ae00000|  0%| F|  |TAMS 0x000000008ad00000, 0x000000008ad00000| Untracked 
| 128|0x000000008ae00000, 0x000000008ae00000, 0x000000008af00000|  0%| F|  |TAMS 0x000000008ae00000, 0x000000008ae00000| Untracked 
| 129|0x000000008af00000, 0x000000008af00000, 0x000000008b000000|  0%| F|  |TAMS 0x000000008af00000, 0x000000008af00000| Untracked 
| 130|0x000000008b000000, 0x000000008b000000, 0x000000008b100000|  0%| F|  |TAMS 0x000000008b000000, 0x000000008b000000| Untracked 
| 131|0x000000008b100000, 0x000000008b100000, 0x000000008b200000|  0%| F|  |TAMS 0x000000008b100000, 0x000000008b100000| Untracked 
| 132|0x000000008b200000, 0x000000008b200000, 0x000000008b300000|  0%| F|  |TAMS 0x000000008b200000, 0x000000008b200000| Untracked 
| 133|0x000000008b300000, 0x000000008b300000, 0x000000008b400000|  0%| F|  |TAMS 0x000000008b300000, 0x000000008b300000| Untracked 
| 134|0x000000008b400000, 0x000000008b400000, 0x000000008b500000|  0%| F|  |TAMS 0x000000008b400000, 0x000000008b400000| Untracked 
| 135|0x000000008b500000, 0x000000008b500000, 0x000000008b600000|  0%| F|  |TAMS 0x000000008b500000, 0x000000008b500000| Untracked 
| 136|0x000000008b600000, 0x000000008b600000, 0x000000008b700000|  0%| F|  |TAMS 0x000000008b600000, 0x000000008b600000| Untracked 
| 137|0x000000008b700000, 0x000000008b700000, 0x000000008b800000|  0%| F|  |TAMS 0x000000008b700000, 0x000000008b700000| Untracked 
| 138|0x000000008b800000, 0x000000008b800000, 0x000000008b900000|  0%| F|  |TAMS 0x000000008b800000, 0x000000008b800000| Untracked 
| 139|0x000000008b900000, 0x000000008b900000, 0x000000008ba00000|  0%| F|  |TAMS 0x000000008b900000, 0x000000008b900000| Untracked 
| 140|0x000000008ba00000, 0x000000008ba00000, 0x000000008bb00000|  0%| F|  |TAMS 0x000000008ba00000, 0x000000008ba00000| Untracked 
| 141|0x000000008bb00000, 0x000000008bb00000, 0x000000008bc00000|  0%| F|  |TAMS 0x000000008bb00000, 0x000000008bb00000| Untracked 
| 142|0x000000008bc00000, 0x000000008bc00000, 0x000000008bd00000|  0%| F|  |TAMS 0x000000008bc00000, 0x000000008bc00000| Untracked 
| 143|0x000000008bd00000, 0x000000008bd00000, 0x000000008be00000|  0%| F|  |TAMS 0x000000008bd00000, 0x000000008bd00000| Untracked 
| 144|0x000000008be00000, 0x000000008be00000, 0x000000008bf00000|  0%| F|  |TAMS 0x000000008be00000, 0x000000008be00000| Untracked 
| 145|0x000000008bf00000, 0x000000008bf00000, 0x000000008c000000|  0%| F|  |TAMS 0x000000008bf00000, 0x000000008bf00000| Untracked 
| 146|0x000000008c000000, 0x000000008c000000, 0x000000008c100000|  0%| F|  |TAMS 0x000000008c000000, 0x000000008c000000| Untracked 
| 147|0x000000008c100000, 0x000000008c100000, 0x000000008c200000|  0%| F|  |TAMS 0x000000008c100000, 0x000000008c100000| Untracked 
| 148|0x000000008c200000, 0x000000008c200000, 0x000000008c300000|  0%| F|  |TAMS 0x000000008c200000, 0x000000008c200000| Untracked 
| 149|0x000000008c300000, 0x000000008c300000, 0x000000008c400000|  0%| F|  |TAMS 0x000000008c300000, 0x000000008c300000| Untracked 
| 150|0x000000008c400000, 0x000000008c400000, 0x000000008c500000|  0%| F|  |TAMS 0x000000008c400000, 0x000000008c400000| Untracked 
| 151|0x000000008c500000, 0x000000008c500000, 0x000000008c600000|  0%| F|  |TAMS 0x000000008c500000, 0x000000008c500000| Untracked 
| 152|0x000000008c600000, 0x000000008c600000, 0x000000008c700000|  0%| F|  |TAMS 0x000000008c600000, 0x000000008c600000| Untracked 
| 153|0x000000008c700000, 0x000000008c700000, 0x000000008c800000|  0%| F|  |TAMS 0x000000008c700000, 0x000000008c700000| Untracked 
| 154|0x000000008c800000, 0x000000008c800000, 0x000000008c900000|  0%| F|  |TAMS 0x000000008c800000, 0x000000008c800000| Untracked 
| 155|0x000000008c900000, 0x000000008ca00000, 0x000000008ca00000|100%| E|  |TAMS 0x000000008c900000, 0x000000008c900000| Complete 
| 156|0x000000008ca00000, 0x000000008cb00000, 0x000000008cb00000|100%| E|CS|TAMS 0x000000008ca00000, 0x000000008ca00000| Complete 
| 157|0x000000008cb00000, 0x000000008cc00000, 0x000000008cc00000|100%| E|CS|TAMS 0x000000008cb00000, 0x000000008cb00000| Complete 
| 158|0x000000008cc00000, 0x000000008cd00000, 0x000000008cd00000|100%| E|CS|TAMS 0x000000008cc00000, 0x000000008cc00000| Complete 
| 159|0x000000008cd00000, 0x000000008ce00000, 0x000000008ce00000|100%| E|CS|TAMS 0x000000008cd00000, 0x000000008cd00000| Complete 
| 160|0x000000008ce00000, 0x000000008cf00000, 0x000000008cf00000|100%| E|CS|TAMS 0x000000008ce00000, 0x000000008ce00000| Complete 
| 161|0x000000008cf00000, 0x000000008d000000, 0x000000008d000000|100%| E|CS|TAMS 0x000000008cf00000, 0x000000008cf00000| Complete 
| 162|0x000000008d000000, 0x000000008d100000, 0x000000008d100000|100%| E|CS|TAMS 0x000000008d000000, 0x000000008d000000| Complete 
| 163|0x000000008d100000, 0x000000008d200000, 0x000000008d200000|100%| E|CS|TAMS 0x000000008d100000, 0x000000008d100000| Complete 
| 164|0x000000008d200000, 0x000000008d300000, 0x000000008d300000|100%| E|CS|TAMS 0x000000008d200000, 0x000000008d200000| Complete 
| 165|0x000000008d300000, 0x000000008d400000, 0x000000008d400000|100%| E|CS|TAMS 0x000000008d300000, 0x000000008d300000| Complete 
| 166|0x000000008d400000, 0x000000008d500000, 0x000000008d500000|100%| E|CS|TAMS 0x000000008d400000, 0x000000008d400000| Complete 
| 167|0x000000008d500000, 0x000000008d600000, 0x000000008d600000|100%| E|CS|TAMS 0x000000008d500000, 0x000000008d500000| Complete 
| 168|0x000000008d600000, 0x000000008d700000, 0x000000008d700000|100%| E|CS|TAMS 0x000000008d600000, 0x000000008d600000| Complete 
| 169|0x000000008d700000, 0x000000008d800000, 0x000000008d800000|100%| E|CS|TAMS 0x000000008d700000, 0x000000008d700000| Complete 
| 170|0x000000008d800000, 0x000000008d900000, 0x000000008d900000|100%| E|CS|TAMS 0x000000008d800000, 0x000000008d800000| Complete 
| 171|0x000000008d900000, 0x000000008da00000, 0x000000008da00000|100%| E|CS|TAMS 0x000000008d900000, 0x000000008d900000| Complete 
| 172|0x000000008da00000, 0x000000008db00000, 0x000000008db00000|100%| E|CS|TAMS 0x000000008da00000, 0x000000008da00000| Complete 
| 173|0x000000008db00000, 0x000000008dc00000, 0x000000008dc00000|100%| E|CS|TAMS 0x000000008db00000, 0x000000008db00000| Complete 
| 174|0x000000008dc00000, 0x000000008dd00000, 0x000000008dd00000|100%| E|CS|TAMS 0x000000008dc00000, 0x000000008dc00000| Complete 
| 175|0x000000008dd00000, 0x000000008de00000, 0x000000008de00000|100%| E|CS|TAMS 0x000000008dd00000, 0x000000008dd00000| Complete 
| 176|0x000000008de00000, 0x000000008df00000, 0x000000008df00000|100%| E|CS|TAMS 0x000000008de00000, 0x000000008de00000| Complete 
| 177|0x000000008df00000, 0x000000008e000000, 0x000000008e000000|100%| E|CS|TAMS 0x000000008df00000, 0x000000008df00000| Complete 
| 178|0x000000008e000000, 0x000000008e100000, 0x000000008e100000|100%| E|CS|TAMS 0x000000008e000000, 0x000000008e000000| Complete 
| 179|0x000000008e100000, 0x000000008e200000, 0x000000008e200000|100%| E|CS|TAMS 0x000000008e100000, 0x000000008e100000| Complete 
| 180|0x000000008e200000, 0x000000008e300000, 0x000000008e300000|100%| E|CS|TAMS 0x000000008e200000, 0x000000008e200000| Complete 
| 181|0x000000008e300000, 0x000000008e400000, 0x000000008e400000|100%| E|CS|TAMS 0x000000008e300000, 0x000000008e300000| Complete 
| 182|0x000000008e400000, 0x000000008e500000, 0x000000008e500000|100%| E|CS|TAMS 0x000000008e400000, 0x000000008e400000| Complete 
| 183|0x000000008e500000, 0x000000008e600000, 0x000000008e600000|100%| E|CS|TAMS 0x000000008e500000, 0x000000008e500000| Complete 
| 184|0x000000008e600000, 0x000000008e700000, 0x000000008e700000|100%| E|CS|TAMS 0x000000008e600000, 0x000000008e600000| Complete 
| 185|0x000000008e700000, 0x000000008e800000, 0x000000008e800000|100%| E|CS|TAMS 0x000000008e700000, 0x000000008e700000| Complete 
| 186|0x000000008e800000, 0x000000008e900000, 0x000000008e900000|100%| E|CS|TAMS 0x000000008e800000, 0x000000008e800000| Complete 
| 187|0x000000008e900000, 0x000000008ea00000, 0x000000008ea00000|100%| E|CS|TAMS 0x000000008e900000, 0x000000008e900000| Complete 
| 188|0x000000008ea00000, 0x000000008eb00000, 0x000000008eb00000|100%| E|CS|TAMS 0x000000008ea00000, 0x000000008ea00000| Complete 
| 189|0x000000008eb00000, 0x000000008ec00000, 0x000000008ec00000|100%| E|CS|TAMS 0x000000008eb00000, 0x000000008eb00000| Complete 
| 190|0x000000008ec00000, 0x000000008ed00000, 0x000000008ed00000|100%| E|CS|TAMS 0x000000008ec00000, 0x000000008ec00000| Complete 

Card table byte_map: [0x000001edff100000,0x000001edff4f0000] _byte_map_base: 0x000001edfece9000

Marking Bits (Prev, Next): (CMBitMap*) 0x000001edeb975328, (CMBitMap*) 0x000001edeb975360
 Prev Bits: [0x000001ed80000000, 0x000001ed81f48000)
 Next Bits: [0x000001ed81f50000, 0x000001ed83e98000)

Polling page: 0x000001ede9790000

Metaspace:

Usage:
  Non-class:     44.97 MB capacity,    44.00 MB ( 98%) used,   811.95 KB (  2%) free+waste,   179.63 KB ( <1%) overhead. 
      Class:      7.65 MB capacity,     7.05 MB ( 92%) used,   520.41 KB (  7%) free+waste,    88.81 KB (  1%) overhead. 
       Both:     52.62 MB capacity,    51.05 MB ( 97%) used,     1.30 MB (  2%) free+waste,   268.44 KB ( <1%) overhead. 

Virtual space:
  Non-class space:       46.00 MB reserved,      45.17 MB ( 98%) committed 
      Class space:        1.00 GB reserved,       7.75 MB ( <1%) committed 
             Both:        1.04 GB reserved,      52.92 MB (  5%) committed 

Chunk freelists:
   Non-Class:  14.00 KB
       Class:  9.00 KB
        Both:  23.00 KB

MaxMetaspaceSize: 17179869184.00 GB
CompressedClassSpaceSize: 1.00 GB

CodeHeap 'non-profiled nmethods': size=238336Kb used=9368Kb max_used=9368Kb free=228967Kb
 bounds [0x000001edf0120000, 0x000001edf0a50000, 0x000001edfe9e0000]
CodeHeap 'non-nmethods': size=7424Kb used=1263Kb max_used=1263Kb free=6160Kb
 bounds [0x000001edef9e0000, 0x000001edefc50000, 0x000001edf0120000]
 total_blobs=6271 nmethods=5350 adapters=557
 compilation: enabled
              stopped_count=0, restarted_count=0
 full_count=0

Compilation events (20 events):
Event: 7.170 Thread 0x000001ed862bc000 5357       1       org.springframework.boot.autoconfigure.orm.jpa.DataSourceInitializedPublisher::postProcessBeforeInitialization (50 bytes)
Event: 7.170 Thread 0x000001ed862bc000 nmethod 5357 0x000001edf0a41b10 code [0x000001edf0a41d00, 0x000001edf0a420c0]
Event: 7.170 Thread 0x000001ed862bc000 5358       1       org.springframework.beans.factory.config.BeanPostProcessor::postProcessBeforeInitialization (2 bytes)
Event: 7.170 Thread 0x000001ed862bc000 nmethod 5358 0x000001edf0a42210 code [0x000001edf0a423c0, 0x000001edf0a424f8]
Event: 7.170 Thread 0x000001ed862bc000 5359       1       org.springframework.hateoas.config.RestTemplateHateoasConfiguration$HypermediaRestTemplateBeanPostProcessor::postProcessBeforeInitialization (41 bytes)
Event: 7.171 Thread 0x000001ed862bc000 nmethod 5359 0x000001edf0a42590 code [0x000001edf0a427a0, 0x000001edf0a42c20]
Event: 7.171 Thread 0x000001ed862bc000 5360       1       org.springframework.data.rest.core.event.AnnotatedEventHandlerInvoker::postProcessBeforeInitialization (2 bytes)
Event: 7.171 Thread 0x000001ed862bc000 nmethod 5360 0x000001edf0a42e90 code [0x000001edf0a43040, 0x000001edf0a43178]
Event: 7.178 Thread 0x000001ed862bc000 5362       1       org.springframework.beans.CachedIntrospectionResults::forClass (148 bytes)
Event: 7.180 Thread 0x000001ed862bc000 nmethod 5362 0x000001edf0a43210 code [0x000001edf0a43500, 0x000001edf0a43e90]
Event: 7.182 Thread 0x000001ed862bc000 5363       1       org.apache.catalina.util.LifecycleBase::getState (5 bytes)
Event: 7.182 Thread 0x000001ed862bc000 nmethod 5363 0x000001edf0a44490 code [0x000001edf0a44640, 0x000001edf0a44778]
Event: 7.195 Thread 0x000001ed862bc000 5364       1       java.nio.CharBuffer::position (8 bytes)
Event: 7.195 Thread 0x000001ed862bc000 nmethod 5364 0x000001edf0a44810 code [0x000001edf0a449c0, 0x000001edf0a44b30]
Event: 7.196 Thread 0x000001ed862bc000 5365       1       org.apache.tomcat.util.http.MimeHeaderField::getName (5 bytes)
Event: 7.196 Thread 0x000001ed862bc000 nmethod 5365 0x000001edf0a44b90 code [0x000001edf0a44d40, 0x000001edf0a44e78]
Event: 7.208 Thread 0x000001ed862bc000 5366       1       org.springframework.util.StringUtils::toStringArray (18 bytes)
Event: 7.209 Thread 0x000001ed862bc000 nmethod 5366 0x000001edf0a44f10 code [0x000001edf0a45120, 0x000001edf0a456b0]
Event: 7.209 Thread 0x000001ed862bc000 5367       1       java.util.Collections::list (33 bytes)
Event: 7.209 Thread 0x000001ed862bc000 nmethod 5367 0x000001edf0a45990 code [0x000001edf0a45ba0, 0x000001edf0a46040]

GC Heap History (18 events):
Event: 0.720 GC heap before
{Heap before GC invocations=0 (full 0):
 garbage-first heap   total 129024K, used 24576K [0x0000000082e00000, 0x0000000100000000)
  region size 1024K, 24 young (24576K), 0 survivors (0K)
 Metaspace       used 6229K, capacity 6587K, committed 6912K, reserved 1056768K
  class space    used 775K, capacity 909K, committed 1024K, reserved 1048576K
}
Event: 0.726 GC heap after
{Heap after GC invocations=1 (full 0):
 garbage-first heap   total 129024K, used 7549K [0x0000000082e00000, 0x0000000100000000)
  region size 1024K, 3 young (3072K), 3 survivors (3072K)
 Metaspace       used 6229K, capacity 6587K, committed 6912K, reserved 1056768K
  class space    used 775K, capacity 909K, committed 1024K, reserved 1048576K
}
Event: 0.939 GC heap before
{Heap before GC invocations=1 (full 0):
 garbage-first heap   total 129024K, used 39293K [0x0000000082e00000, 0x0000000100000000)
  region size 1024K, 35 young (35840K), 3 survivors (3072K)
 Metaspace       used 10618K, capacity 11075K, committed 11264K, reserved 1058816K
  class space    used 1503K, capacity 1688K, committed 1792K, reserved 1048576K
}
Event: 0.944 GC heap after
{Heap after GC invocations=2 (full 0):
 garbage-first heap   total 129024K, used 9171K [0x0000000082e00000, 0x0000000100000000)
  region size 1024K, 2 young (2048K), 2 survivors (2048K)
 Metaspace       used 10618K, capacity 11075K, committed 11264K, reserved 1058816K
  class space    used 1503K, capacity 1688K, committed 1792K, reserved 1048576K
}
Event: 1.551 GC heap before
{Heap before GC invocations=2 (full 0):
 garbage-first heap   total 129024K, used 55251K [0x0000000082e00000, 0x0000000100000000)
  region size 1024K, 47 young (48128K), 2 survivors (2048K)
 Metaspace       used 16957K, capacity 17645K, committed 17792K, reserved 1064960K
  class space    used 2324K, capacity 2627K, committed 2688K, reserved 1048576K
}
Event: 1.562 GC heap after
{Heap after GC invocations=3 (full 0):
 garbage-first heap   total 129024K, used 10807K [0x0000000082e00000, 0x0000000100000000)
  region size 1024K, 4 young (4096K), 4 survivors (4096K)
 Metaspace       used 16957K, capacity 17645K, committed 17792K, reserved 1064960K
  class space    used 2324K, capacity 2627K, committed 2688K, reserved 1048576K
}
Event: 1.766 GC heap before
{Heap before GC invocations=3 (full 0):
 garbage-first heap   total 129024K, used 70199K [0x0000000082e00000, 0x0000000100000000)
  region size 1024K, 63 young (64512K), 4 survivors (4096K)
 Metaspace       used 18956K, capacity 19758K, committed 19840K, reserved 1067008K
  class space    used 2596K, capacity 2936K, committed 2944K, reserved 1048576K
}
Event: 1.771 GC heap after
{Heap after GC invocations=4 (full 0):
 garbage-first heap   total 129024K, used 12052K [0x0000000082e00000, 0x0000000100000000)
  region size 1024K, 5 young (5120K), 5 survivors (5120K)
 Metaspace       used 18956K, capacity 19758K, committed 19840K, reserved 1067008K
  class space    used 2596K, capacity 2936K, committed 2944K, reserved 1048576K
}
Event: 2.054 GC heap before
{Heap before GC invocations=4 (full 0):
 garbage-first heap   total 129024K, used 49940K [0x0000000082e00000, 0x0000000100000000)
  region size 1024K, 43 young (44032K), 5 survivors (5120K)
 Metaspace       used 20258K, capacity 21117K, committed 21296K, reserved 1067008K
  class space    used 2783K, capacity 3130K, committed 3200K, reserved 1048576K
}
Event: 2.064 GC heap after
{Heap after GC invocations=5 (full 0):
 garbage-first heap   total 155648K, used 13458K [0x0000000082e00000, 0x0000000100000000)
  region size 1024K, 6 young (6144K), 6 survivors (6144K)
 Metaspace       used 20258K, capacity 21117K, committed 21296K, reserved 1067008K
  class space    used 2783K, capacity 3130K, committed 3200K, reserved 1048576K
}
Event: 2.808 GC heap before
{Heap before GC invocations=6 (full 0):
 garbage-first heap   total 155648K, used 99474K [0x0000000082e00000, 0x0000000100000000)
  region size 1024K, 91 young (93184K), 6 survivors (6144K)
 Metaspace       used 26665K, capacity 27807K, committed 28080K, reserved 1073152K
  class space    used 3626K, capacity 4072K, committed 4096K, reserved 1048576K
}
Event: 2.821 GC heap after
{Heap after GC invocations=7 (full 0):
 garbage-first heap   total 155648K, used 17485K [0x0000000082e00000, 0x0000000100000000)
  region size 1024K, 10 young (10240K), 10 survivors (10240K)
 Metaspace       used 26665K, capacity 27807K, committed 28080K, reserved 1073152K
  class space    used 3626K, capacity 4072K, committed 4096K, reserved 1048576K
}
Event: 3.402 GC heap before
{Heap before GC invocations=7 (full 0):
 garbage-first heap   total 155648K, used 93261K [0x0000000082e00000, 0x0000000100000000)
  region size 1024K, 86 young (88064K), 10 survivors (10240K)
 Metaspace       used 34514K, capacity 35668K, committed 35888K, reserved 1079296K
  class space    used 4764K, capacity 5237K, committed 5248K, reserved 1048576K
}
Event: 3.423 GC heap after
{Heap after GC invocations=8 (full 0):
 garbage-first heap   total 155648K, used 21439K [0x0000000082e00000, 0x0000000100000000)
  region size 1024K, 10 young (10240K), 10 survivors (10240K)
 Metaspace       used 34514K, capacity 35668K, committed 35888K, reserved 1079296K
  class space    used 4764K, capacity 5237K, committed 5248K, reserved 1048576K
}
Event: 4.387 GC heap before
{Heap before GC invocations=9 (full 0):
 garbage-first heap   total 155648K, used 103359K [0x0000000082e00000, 0x0000000100000000)
  region size 1024K, 91 young (93184K), 10 survivors (10240K)
 Metaspace       used 47010K, capacity 48465K, committed 48816K, reserved 1091584K
  class space    used 6511K, capacity 7061K, committed 7168K, reserved 1048576K
}
Event: 4.396 GC heap after
{Heap after GC invocations=10 (full 0):
 garbage-first heap   total 155648K, used 25900K [0x0000000082e00000, 0x0000000100000000)
  region size 1024K, 10 young (10240K), 10 survivors (10240K)
 Metaspace       used 47010K, capacity 48465K, committed 48816K, reserved 1091584K
  class space    used 6511K, capacity 7061K, committed 7168K, reserved 1048576K
}
Event: 5.008 GC heap before
{Heap before GC invocations=10 (full 0):
 garbage-first heap   total 155648K, used 108844K [0x0000000082e00000, 0x0000000100000000)
  region size 1024K, 91 young (93184K), 10 survivors (10240K)
 Metaspace       used 50042K, capacity 51545K, committed 51760K, reserved 1093632K
  class space    used 6954K, capacity 7551K, committed 7552K, reserved 1048576K
}
Event: 5.018 GC heap after
{Heap after GC invocations=11 (full 0):
 garbage-first heap   total 195584K, used 32492K [0x0000000082e00000, 0x0000000100000000)
  region size 1024K, 12 young (12288K), 12 survivors (12288K)
 Metaspace       used 50042K, capacity 51545K, committed 51760K, reserved 1093632K
  class space    used 6954K, capacity 7551K, committed 7552K, reserved 1048576K
}

Deoptimization events (4 events):
Event: 4.408 Thread 0x000001edeb936000 DEOPT PACKING pc=0x000001edf03f0b34 sp=0x0000009ee12fba80
Event: 4.408 Thread 0x000001edeb936000 DEOPT UNPACKING pc=0x000001edefa0904e sp=0x0000009ee12fafe8 mode 0
Event: 4.635 Thread 0x000001edeb936000 DEOPT PACKING pc=0x000001edf0400cff sp=0x0000009ee12fd400
Event: 4.636 Thread 0x000001edeb936000 DEOPT UNPACKING pc=0x000001edefa0904e sp=0x0000009ee12fc908 mode 3

Classes redefined (0 events):
No events

Internal exceptions (20 events):
Event: 5.150 Thread 0x000001edeb936000 Exception <a 'java/lang/ClassNotFoundException'{0x000000008dd29398}: org/springframework/boot/web/client/RestTemplateBuilderCustomizer> (0x000000008dd29398) thrown at [c:/BuildAgent/work/5ff2f6c26000d570/src/hotspot/share/classfile/systemDictionary.cpp, l
Event: 5.151 Thread 0x000001edeb936000 Exception <a 'java/lang/ClassNotFoundException'{0x000000008dd55c60}: java/lang/ObjectCustomizer> (0x000000008dd55c60) thrown at [c:/BuildAgent/work/5ff2f6c26000d570/src/hotspot/share/classfile/systemDictionary.cpp, line 231]
Event: 5.151 Thread 0x000001edeb936000 Exception <a 'java/lang/ClassNotFoundException'{0x000000008dd6eb58}: org/springframework/boot/autoconfigure/web/embedded/EmbeddedWebServerFactoryCustomizerAutoConfigurationCustomizer> (0x000000008dd6eb58) thrown at [c:/BuildAgent/work/5ff2f6c26000d570/src
Event: 5.152 Thread 0x000001edeb936000 Exception <a 'java/lang/ClassNotFoundException'{0x000000008dd817a0}: java/lang/ObjectCustomizer> (0x000000008dd817a0) thrown at [c:/BuildAgent/work/5ff2f6c26000d570/src/hotspot/share/classfile/systemDictionary.cpp, line 231]
Event: 5.153 Thread 0x000001edeb936000 Exception <a 'java/lang/ClassNotFoundException'{0x000000008dd97388}: org/springframework/web/multipart/support/StandardServletMultipartResolverCustomizer> (0x000000008dd97388) thrown at [c:/BuildAgent/work/5ff2f6c26000d570/src/hotspot/share/classfile/syst
Event: 5.153 Thread 0x000001edeb936000 Exception <a 'java/lang/ClassNotFoundException'{0x000000008ddab2e8}: org/springframework/web/multipart/MultipartResolverCustomizer> (0x000000008ddab2e8) thrown at [c:/BuildAgent/work/5ff2f6c26000d570/src/hotspot/share/classfile/systemDictionary.cpp, line 
Event: 7.159 Thread 0x000001ed8b17c800 Exception <a 'java/lang/ClassNotFoundException'{0x000000008cb1c878}: java/lang/ObjectCustomizer> (0x000000008cb1c878) thrown at [c:/BuildAgent/work/5ff2f6c26000d570/src/hotspot/share/classfile/systemDictionary.cpp, line 231]
Event: 7.160 Thread 0x000001ed8b17c800 Exception <a 'java/lang/ClassNotFoundException'{0x000000008cb325a8}: org/springframework/web/servlet/i18n/AcceptHeaderLocaleResolverCustomizer> (0x000000008cb325a8) thrown at [c:/BuildAgent/work/5ff2f6c26000d570/src/hotspot/share/classfile/systemDictionar
Event: 7.162 Thread 0x000001ed8b17c800 Exception <a 'java/lang/ClassNotFoundException'{0x000000008cb4a428}: org/springframework/web/servlet/LocaleResolverCustomizer> (0x000000008cb4a428) thrown at [c:/BuildAgent/work/5ff2f6c26000d570/src/hotspot/share/classfile/systemDictionary.cpp, line 231]
Event: 7.164 Thread 0x000001ed8b17c800 Exception <a 'java/lang/ClassNotFoundException'{0x000000008cb61a20}: java/lang/ObjectCustomizer> (0x000000008cb61a20) thrown at [c:/BuildAgent/work/5ff2f6c26000d570/src/hotspot/share/classfile/systemDictionary.cpp, line 231]
Event: 7.165 Thread 0x000001ed8b17c800 Exception <a 'java/lang/ClassNotFoundException'{0x000000008cb77228}: org/springframework/web/servlet/theme/AbstractThemeResolverCustomizer> (0x000000008cb77228) thrown at [c:/BuildAgent/work/5ff2f6c26000d570/src/hotspot/share/classfile/systemDictionary.cp
Event: 7.166 Thread 0x000001ed8b17c800 Exception <a 'java/lang/ClassNotFoundException'{0x000000008cb8bbe8}: org/springframework/web/servlet/theme/FixedThemeResolverCustomizer> (0x000000008cb8bbe8) thrown at [c:/BuildAgent/work/5ff2f6c26000d570/src/hotspot/share/classfile/systemDictionary.cpp, 
Event: 7.167 Thread 0x000001ed8b17c800 Exception <a 'java/lang/ClassNotFoundException'{0x000000008cb9f3e0}: org/springframework/web/servlet/ThemeResolverCustomizer> (0x000000008cb9f3e0) thrown at [c:/BuildAgent/work/5ff2f6c26000d570/src/hotspot/share/classfile/systemDictionary.cpp, line 231]
Event: 7.171 Thread 0x000001ed8b17c800 Exception <a 'java/lang/ClassNotFoundException'{0x000000008cbb5b98}: java/lang/ObjectCustomizer> (0x000000008cbb5b98) thrown at [c:/BuildAgent/work/5ff2f6c26000d570/src/hotspot/share/classfile/systemDictionary.cpp, line 231]
Event: 7.172 Thread 0x000001ed8b17c800 Exception <a 'java/lang/ClassNotFoundException'{0x000000008cbcc780}: org/springframework/web/servlet/view/DefaultRequestToViewNameTranslatorCustomizer> (0x000000008cbcc780) thrown at [c:/BuildAgent/work/5ff2f6c26000d570/src/hotspot/share/classfile/systemD
Event: 7.174 Thread 0x000001ed8b17c800 Exception <a 'java/lang/ClassNotFoundException'{0x000000008cbee7a8}: org/springframework/web/servlet/RequestToViewNameTranslatorCustomizer> (0x000000008cbee7a8) thrown at [c:/BuildAgent/work/5ff2f6c26000d570/src/hotspot/share/classfile/systemDictionary.cp
Event: 7.178 Thread 0x000001ed8b17c800 Exception <a 'java/lang/ClassNotFoundException'{0x000000008ca1b740}: java/lang/ObjectCustomizer> (0x000000008ca1b740) thrown at [c:/BuildAgent/work/5ff2f6c26000d570/src/hotspot/share/classfile/systemDictionary.cpp, line 231]
Event: 7.179 Thread 0x000001ed8b17c800 Exception <a 'java/lang/ClassNotFoundException'{0x000000008ca312d0}: org/springframework/web/servlet/support/AbstractFlashMapManagerCustomizer> (0x000000008ca312d0) thrown at [c:/BuildAgent/work/5ff2f6c26000d570/src/hotspot/share/classfile/systemDictionar
Event: 7.181 Thread 0x000001ed8b17c800 Exception <a 'java/lang/ClassNotFoundException'{0x000000008ca48898}: org/springframework/web/servlet/support/SessionFlashMapManagerCustomizer> (0x000000008ca48898) thrown at [c:/BuildAgent/work/5ff2f6c26000d570/src/hotspot/share/classfile/systemDictionary
Event: 7.182 Thread 0x000001ed8b17c800 Exception <a 'java/lang/ClassNotFoundException'{0x000000008ca5b8a8}: org/springframework/web/servlet/FlashMapManagerCustomizer> (0x000000008ca5b8a8) thrown at [c:/BuildAgent/work/5ff2f6c26000d570/src/hotspot/share/classfile/systemDictionary.cpp, line 231]

Events (20 events):
Event: 7.211 Executing VM operation: RevokeBias
Event: 7.211 Executing VM operation: RevokeBias done
Event: 7.212 Executing VM operation: RevokeBias
Event: 7.212 Executing VM operation: RevokeBias done
Event: 7.212 loading class org/springframework/transaction/support/TransactionSynchronizationUtils
Event: 7.212 loading class org/springframework/transaction/support/TransactionSynchronizationUtils done
Event: 7.212 loading class org/springframework/core/InfrastructureProxy
Event: 7.212 loading class org/springframework/core/InfrastructureProxy done
Event: 7.213 loading class org/springframework/transaction/support/TransactionSynchronizationUtils$ScopedProxyUnwrapper
Event: 7.213 loading class org/springframework/transaction/support/TransactionSynchronizationUtils$ScopedProxyUnwrapper done
Event: 7.213 loading class org/hibernate/internal/SessionImpl
Event: 7.213 loading class org/hibernate/internal/SessionImpl done
Event: 7.215 loading class org/hibernate/event/spi/EventSource
Event: 7.215 loading class org/hibernate/event/spi/EventSource done
Event: 7.215 Executing VM operation: RevokeBias
Event: 7.216 Executing VM operation: RevokeBias done
Event: 7.220 loading class org/hibernate/internal/AbstractSessionImpl
Event: 7.220 loading class org/hibernate/internal/AbstractSessionImpl done
Event: 7.221 loading class org/hibernate/internal/AbstractSharedSessionContract
Event: 7.221 loading class org/hibernate/internal/AbstractSharedSessionContract done


Dynamic libraries:
0x00007ff6f8950000 - 0x00007ff6f895a000 	C:\Program Files\JetBrains\IntelliJ IDEA 2019.3.3\jbr\bin\java.exe
0x00007ffbc6a80000 - 0x00007ffbc6c70000 	C:\Windows\SYSTEM32\ntdll.dll
0x00007ffbc64e0000 - 0x00007ffbc6592000 	C:\Windows\System32\KERNEL32.DLL
0x00007ffbc3de0000 - 0x00007ffbc4083000 	C:\Windows\System32\KERNELBASE.dll
0x00007ffbc4a30000 - 0x00007ffbc4b2a000 	C:\Windows\System32\ucrtbase.dll
0x00007ffb9fa10000 - 0x00007ffb9fa27000 	C:\Program Files\JetBrains\IntelliJ IDEA 2019.3.3\jbr\bin\VCRUNTIME140.dll
0x00007ffb9fa30000 - 0x00007ffb9fa49000 	C:\Program Files\JetBrains\IntelliJ IDEA 2019.3.3\jbr\bin\jli.dll
0x00007ffbc5b70000 - 0x00007ffbc5d04000 	C:\Windows\System32\USER32.dll
0x00007ffbab6a0000 - 0x00007ffbab925000 	C:\Windows\WinSxS\amd64_microsoft.windows.common-controls_6595b64144ccf1df_6.0.18362.657_none_e6c5b579130e3898\COMCTL32.dll
0x00007ffbc4950000 - 0x00007ffbc4971000 	C:\Windows\System32\win32u.dll
0x00007ffbc66d0000 - 0x00007ffbc676e000 	C:\Windows\System32\msvcrt.dll
0x00007ffbc6a10000 - 0x00007ffbc6a36000 	C:\Windows\System32\GDI32.dll
0x00007ffbc3b60000 - 0x00007ffbc3cf4000 	C:\Windows\System32\gdi32full.dll
0x00007ffbc5690000 - 0x00007ffbc59c6000 	C:\Windows\System32\combase.dll
0x00007ffbc4130000 - 0x00007ffbc41ce000 	C:\Windows\System32\msvcp_win.dll
0x00007ffbc59d0000 - 0x00007ffbc5af0000 	C:\Windows\System32\RPCRT4.dll
0x00007ffbc3d60000 - 0x00007ffbc3de0000 	C:\Windows\System32\bcryptPrimitives.dll
0x00007ffbc63e0000 - 0x00007ffbc640e000 	C:\Windows\System32\IMM32.DLL
0x00007ffb9f970000 - 0x00007ffb9fa0d000 	C:\Program Files\JetBrains\IntelliJ IDEA 2019.3.3\jbr\bin\msvcp140.dll
0x00007ffb7dd50000 - 0x00007ffb7e80b000 	C:\Program Files\JetBrains\IntelliJ IDEA 2019.3.3\jbr\bin\server\jvm.dll
0x00007ffbc6040000 - 0x00007ffbc60e3000 	C:\Windows\System32\ADVAPI32.dll
0x00007ffbc6340000 - 0x00007ffbc63d7000 	C:\Windows\System32\sechost.dll
0x00007ffbc65a0000 - 0x00007ffbc65a8000 	C:\Windows\System32\PSAPI.DLL
0x00007ffba2500000 - 0x00007ffba2509000 	C:\Windows\SYSTEM32\WSOCK32.dll
0x00007ffbbd170000 - 0x00007ffbbd194000 	C:\Windows\SYSTEM32\WINMM.dll
0x00007ffbc6660000 - 0x00007ffbc66cf000 	C:\Windows\System32\WS2_32.dll
0x00007ffbb9e00000 - 0x00007ffbb9e0a000 	C:\Windows\SYSTEM32\VERSION.dll
0x00007ffbbd140000 - 0x00007ffbbd16d000 	C:\Windows\SYSTEM32\WINMMBASE.dll
0x00007ffbc40e0000 - 0x00007ffbc412a000 	C:\Windows\System32\cfgmgr32.dll
0x00007ffbc39f0000 - 0x00007ffbc3a01000 	C:\Windows\System32\kernel.appcore.dll
0x00007ffb964a0000 - 0x00007ffb964b1000 	C:\Program Files\JetBrains\IntelliJ IDEA 2019.3.3\jbr\bin\verify.dll
0x00007ffbbe9f0000 - 0x00007ffbbebe4000 	C:\Windows\SYSTEM32\DBGHELP.DLL
0x00007ffba8fc0000 - 0x00007ffba8fea000 	C:\Windows\SYSTEM32\dbgcore.DLL
0x00007ffb94a50000 - 0x00007ffb94a79000 	C:\Program Files\JetBrains\IntelliJ IDEA 2019.3.3\jbr\bin\java.dll
0x00007ffb9fa60000 - 0x00007ffb9fa6f000 	C:\Program Files\JetBrains\IntelliJ IDEA 2019.3.3\jbr\bin\instrument.dll
0x00007ffb94720000 - 0x00007ffb94737000 	C:\Program Files\JetBrains\IntelliJ IDEA 2019.3.3\jbr\bin\zip.dll
0x00007ffb9dcd0000 - 0x00007ffb9dcdb000 	C:\Program Files\JetBrains\IntelliJ IDEA 2019.3.3\jbr\bin\jimage.dll
0x00007ffbc4b30000 - 0x00007ffbc5215000 	C:\Windows\System32\SHELL32.dll
0x00007ffbc5d20000 - 0x00007ffbc5dc9000 	C:\Windows\System32\shcore.dll
0x00007ffbc41d0000 - 0x00007ffbc494f000 	C:\Windows\System32\windows.storage.dll
0x00007ffbc39d0000 - 0x00007ffbc39ef000 	C:\Windows\System32\profapi.dll
0x00007ffbc3980000 - 0x00007ffbc39ca000 	C:\Windows\System32\powrprof.dll
0x00007ffbc3950000 - 0x00007ffbc3960000 	C:\Windows\System32\UMPDC.dll
0x00007ffbc6480000 - 0x00007ffbc64d2000 	C:\Windows\System32\shlwapi.dll
0x00007ffbc40c0000 - 0x00007ffbc40d7000 	C:\Windows\System32\cryptsp.dll
0x00007ffb93630000 - 0x00007ffb9364a000 	C:\Program Files\JetBrains\IntelliJ IDEA 2019.3.3\jbr\bin\net.dll
0x00007ffbbca70000 - 0x00007ffbbcb60000 	C:\Windows\SYSTEM32\WINHTTP.dll
0x00007ffbc31c0000 - 0x00007ffbc3227000 	C:\Windows\system32\mswsock.dll
0x00007ffb92750000 - 0x00007ffb92764000 	C:\Program Files\JetBrains\IntelliJ IDEA 2019.3.3\jbr\bin\nio.dll
0x00007ffb9b360000 - 0x00007ffb9b37a000 	C:\Program Files\JetBrains\IntelliJ IDEA 2019.3.3\bin\breakgen64.dll
0x00007ffbc2f10000 - 0x00007ffbc2fda000 	C:\Windows\SYSTEM32\DNSAPI.dll
0x00007ffbc62b0000 - 0x00007ffbc62b8000 	C:\Windows\System32\NSI.dll
0x00007ffbc2ed0000 - 0x00007ffbc2f0a000 	C:\Windows\SYSTEM32\IPHLPAPI.DLL
0x00007ffbb8550000 - 0x00007ffbb855a000 	C:\Windows\System32\rasadhlp.dll
0x00007ffbb8430000 - 0x00007ffbb84a7000 	C:\Windows\System32\fwpuclnt.dll
0x00007ffbc4090000 - 0x00007ffbc40b6000 	C:\Windows\System32\bcrypt.dll
0x00007ffb9b340000 - 0x00007ffb9b34a000 	C:\Program Files\JetBrains\IntelliJ IDEA 2019.3.3\jbr\bin\management.dll
0x00007ffb93620000 - 0x00007ffb9362c000 	C:\Program Files\JetBrains\IntelliJ IDEA 2019.3.3\jbr\bin\management_ext.dll
0x00007ffbc2d30000 - 0x00007ffbc2d63000 	C:\Windows\system32\rsaenh.dll
0x00007ffbc3840000 - 0x00007ffbc3865000 	C:\Windows\SYSTEM32\USERENV.dll
0x00007ffbc3390000 - 0x00007ffbc339c000 	C:\Windows\SYSTEM32\CRYPTBASE.dll
0x00007ffbb8d80000 - 0x00007ffbb8d96000 	C:\Windows\SYSTEM32\dhcpcsvc6.DLL
0x00007ffbb98d0000 - 0x00007ffbb98ec000 	C:\Windows\SYSTEM32\dhcpcsvc.DLL
0x00007ffba2540000 - 0x00007ffba2556000 	C:\Windows\system32\napinsp.dll
0x00007ffba2520000 - 0x00007ffba253a000 	C:\Windows\system32\pnrpnsp.dll
0x00007ffba2510000 - 0x00007ffba251e000 	C:\Windows\System32\winrnr.dll
0x00007ffbbc890000 - 0x00007ffbbc8ac000 	C:\Windows\system32\NLAapi.dll
0x00007ffba2370000 - 0x00007ffba2385000 	C:\Windows\system32\wshbth.dll
0x00007ffbbc740000 - 0x00007ffbbc768000 	C:\Program Files\JetBrains\IntelliJ IDEA 2019.3.3\jbr\bin\sunec.dll

dbghelp: loaded successfully - version: 4.0.5 - missing functions: none
symbol engine: initialized successfully - sym options: 0x614 - pdb path: .;C:\Program Files\JetBrains\IntelliJ IDEA 2019.3.3\jbr\bin;C:\Windows\SYSTEM32;C:\Windows\WinSxS\amd64_microsoft.windows.common-controls_6595b64144ccf1df_6.0.18362.657_none_e6c5b579130e3898;C:\Program Files\JetBrains\IntelliJ IDEA 2019.3.3\jbr\bin\server;C:\Program Files\JetBrains\IntelliJ IDEA 2019.3.3\bin

VM Arguments:
jvm_args: -XX:TieredStopAtLevel=1 -Xverify:none -Dspring.output.ansi.enabled=always -Dcom.sun.management.jmxremote -Dspring.jmx.enabled=true -Dspring.liveBeansView.mbeanDomain -Dspring.application.admin.enabled=true -javaagent:C:\Program Files\JetBrains\IntelliJ IDEA 2019.3.3\lib\idea_rt.jar=55296:C:\Program Files\JetBrains\IntelliJ IDEA 2019.3.3\bin -Dfile.encoding=UTF-8 
java_command: com.demosocket.shipyard.ShipyardApplication
java_class_path (initial): C:\Users\olexe\IdeaProjects\EliteDangerousShipyard\build\classes\java\main;C:\Users\olexe\IdeaProjects\EliteDangerousShipyard\build\resources\main;C:\Users\olexe\.gradle\caches\modules-2\files-2.1\org.springframework.boot\spring-boot-starter-thymeleaf\2.2.5.RELEASE\4022d870c07c0963e9f5542d01ec2aebaace7634\spring-boot-starter-thymeleaf-2.2.5.RELEASE.jar;C:\Users\olexe\.gradle\caches\modules-2\files-2.1\org.springframework.boot\spring-boot-starter-data-jpa\2.2.5.RELEASE\fee4ad485421916aa5529c209f882fd180a1cf93\spring-boot-starter-data-jpa-2.2.5.RELEASE.jar;C:\Users\olexe\.gradle\caches\modules-2\files-2.1\org.hibernate\hibernate-core\5.4.12.Final\7813daed21576920450443097d69823245d112d2\hibernate-core-5.4.12.Final.jar;C:\Users\olexe\.gradle\caches\modules-2\files-2.1\commons-dbcp\commons-dbcp\1.4\30be73c965cc990b153a100aaaaafcf239f82d39\commons-dbcp-1.4.jar;C:\Users\olexe\.gradle\caches\modules-2\files-2.1\org.springframework.boot\spring-boot-starter-data-jdbc\2.2.5.RELEASE\15dd290a2d119f15928a9b4d16ca95f010766b56\spring-boot-starter-data-jdbc-2.2.5.RELEASE.jar;C:\Users\olexe\.gradle\caches\modules-2\files-2.1\org.springframework.boot\spring-boot-starter-data-rest\2.2.5.RELEASE\ba6c977a1e28e049b36a7decf9959eb86fd1df9c\spring-boot-starter-data-rest-2.2.5.RELEASE.jar;C:\Users\olexe\.gradle\caches\modules-2\files-2.1\org.springframework.boot\spring-boot-starter-jdbc\2.2.5.RELEASE\5bc988a151e1e4e35acb8765d261374ebe1b13a7\spring-boot-starter-jdbc-2.2.5.RELEASE.jar;C:\Users\olexe\.gradle\caches\modules-2\files-2.1\org.springframework.boot\spring-boot-starter-web\2.2.5.RELEASE\c84df617eb302ea502af8b37406df13f1fe6669b\spring-boot-starter-web-2.2.5.RELEASE.jar;C:\Users\olexe\.gradle\caches\modules-2\files-2.1\org.springframework.boot\spring-boot-starter-aop\2.2.5.RELEASE\782df61baf2c3d3094f683c02f9a3056974d69b7\spring-boot-starter-aop-2.2.5.RELEASE.jar;C:\Users\olexe\.gradle\caches\modules-2\files-2.1\mysql\mysql-connector-java\8.0.19\9af69ef0f68ea
Launcher Type: SUN_STANDARD

[Global flags]
     bool BytecodeVerificationLocal                = false                                     {product} {command line}
     bool BytecodeVerificationRemote               = false                                     {product} {command line}
     intx CICompilerCount                          = 4                                         {product} {ergonomic}
     uint ConcGCThreads                            = 2                                         {product} {ergonomic}
     uint G1ConcRefinementThreads                  = 8                                         {product} {ergonomic}
   size_t G1HeapRegionSize                         = 1048576                                   {product} {ergonomic}
    uintx GCDrainStackTargetSize                   = 64                                        {product} {ergonomic}
   size_t InitialHeapSize                          = 132120576                                 {product} {ergonomic}
     bool ManagementServer                         = true                                      {product} {command line}
   size_t MarkStackSize                            = 4194304                                   {product} {ergonomic}
   size_t MaxHeapSize                              = 2099249152                                {product} {ergonomic}
   size_t MaxNewSize                               = 1259339776                                {product} {ergonomic}
   size_t MinHeapDeltaBytes                        = 1048576                                   {product} {ergonomic}
    uintx NonNMethodCodeHeapSize                   = 7549744                                {pd product} {ergonomic}
    uintx NonProfiledCodeHeapSize                  = 244108496                              {pd product} {ergonomic}
    uintx ProfiledCodeHeapSize                     = 0                                      {pd product} {ergonomic}
    uintx ReservedCodeCacheSize                    = 251658240                              {pd product} {ergonomic}
     bool SegmentedCodeCache                       = true                                      {product} {ergonomic}
     intx TieredStopAtLevel                        = 1                                         {product} {command line}
     bool UseCompressedClassPointers               = true                                 {lp64_product} {ergonomic}
     bool UseCompressedOops                        = true                                 {lp64_product} {ergonomic}
     bool UseG1GC                                  = true                                      {product} {ergonomic}
     bool UseLargePagesIndividualAllocation        = false                                  {pd product} {ergonomic}

Logging:
Log output configuration:
 #0: stdout all=warning uptime,level,tags
 #1: stderr all=off uptime,level,tags

Environment Variables:
JAVA_HOME=C:\Program Files\Java\jdk-13
CLASSPATH=C:\mysql-connector-java-5.1.48;C:\My doc
PATH=C:\Windows\system32;C:\Windows;C:\Windows\System32\Wbem;C:\Windows\System32\WindowsPowerShell\v1.0\;C:\Windows\System32\OpenSSH\;C:\Program Files\Intel\WiFi\bin\;C:\Program Files\Common Files\Intel\WirelessCommon\;C:\Program Files (x86)\NVIDIA Corporation\PhysX\Common;C:\Program Files\Java\jdk-13\bin;C:\Program Files\Git\cmd;C:\Program Files\MySQL\MySQL Server 8.0\bin;C:\Program Files (x86)\Java\jdk-13\bin;C:\Program Files\MySQL\MySQL Shell 8.0\bin\;C:\Users\olexe\AppData\Local\Microsoft\WindowsApps;C:\Program Files\JetBrains\IntelliJ IDEA 2019.3.3\bin;;C:\My doc;
USERNAME=olexe
OS=Windows_NT
PROCESSOR_IDENTIFIER=Intel64 Family 6 Model 142 Stepping 12, GenuineIntel



---------------  S Y S T E M  ---------------

OS: Windows 10 , 64 bit Build 18362 (10.0.18362.329)

CPU:total 8 (initial active 8) (4 cores per cpu, 2 threads per core) family 6 model 142 stepping 12, cmov, cx8, fxsr, mmx, sse, sse2, sse3, ssse3, sse4.1, sse4.2, popcnt, avx, avx2, aes, clmul, erms, 3dnowpref, lzcnt, ht, tsc, tscinvbit, bmi1, bmi2, adx, fma

Memory: 4k page, system-wide physical 8006M (1928M free)
TotalPageFile size 8806M (AvailPageFile size 0M)
current process WorkingSet (physical memory assigned to process): 285M, peak: 285M
current process commit charge ("private bytes"): 358M, peak: 358M

vm_info: OpenJDK 64-Bit Server VM (11.0.5+10-b520.38) for windows-amd64 JRE (11.0.5+10-b520.38), built on Jan 23 2020 07:58:32 by "" with MS VC++ 14.0 (VS2015)

END.
